#
# There is insufficient memory for the Java Runtime Environment to continue.
# Native memory allocation (mmap) failed to map 65536 bytes for Failed to commit metaspace.
# Possible reasons:
#   The system is out of physical RAM or swap space
#   The process is running with CompressedOops enabled, and the Java Heap may be blocking the growth of the native heap
# Possible solutions:
#   Reduce memory load on the system
#   Increase physical memory or swap space
#   Check if swap backing store is full
#   Decrease Java heap size (-Xmx/-Xms)
#   Decrease number of Java threads
#   Decrease Java thread stack sizes (-Xss)
#   Set larger code cache with -XX:ReservedCodeCacheSize=
#   JVM is running with Unscaled Compressed Oops mode in which the Java heap is
#     placed in the first 4GB address space. The Java Heap base address is the
#     maximum limit for the native heap growth. Please use -XX:HeapBaseMinAddress
#     to set the Java Heap base and to place the Java Heap above 4GB virtual address.
# This output file may be truncated or incomplete.
#
#  Out of Memory Error (virtualSpaceNode.cpp:112), pid=6252, tid=19212
#
# JRE version: Java(TM) SE Runtime Environment (21.0.1+12) (build 21.0.1+12-LTS-29)
# Java VM: Java HotSpot(TM) 64-Bit Server VM (21.0.1+12-LTS-29, mixed mode, sharing, tiered, compressed oops, compressed class ptrs, g1 gc, windows-amd64)
# No core dump will be written. Minidumps are not enabled by default on client versions of Windows
#

---------------  S U M M A R Y ------------

Command Line: -Dfile.encoding=UTF-8 --module-path=D:\Java Code cua Manh\QLDonHang\build\classes qldonhang.JFKhachHang

Host: 11th Gen Intel(R) Core(TM) i5-11400H @ 2.70GHz, 12 cores, 7G,  Windows 11 , 64 bit Build 22621 (10.0.22621.2506)
Time: Tue Jan 16 20:36:00 2024 SE Asia Standard Time elapsed time: 0.249134 seconds (0d 0h 0m 0s)

---------------  T H R E A D  ---------------

Current thread (0x000001fb818cf1c0):  JavaThread "main"             [_thread_in_vm, id=19212, stack(0x0000009d48100000,0x0000009d48200000) (1024K)]

Stack: [0x0000009d48100000,0x0000009d48200000]
Native frames: (J=compiled Java code, j=interpreted, Vv=VM code, C=native code)
V  [jvm.dll+0x6c9029]
V  [jvm.dll+0x854b81]
V  [jvm.dll+0x856e5e]
V  [jvm.dll+0x857543]
V  [jvm.dll+0x280c06]
V  [jvm.dll+0x8508ae]
V  [jvm.dll+0x66ca45]
V  [jvm.dll+0x66caaa]
V  [jvm.dll+0x66f2a6]
V  [jvm.dll+0x66f172]
V  [jvm.dll+0x66d41e]
V  [jvm.dll+0x26c581]
V  [jvm.dll+0x2184f7]
V  [jvm.dll+0x20dc4e]
V  [jvm.dll+0x5ac6dc]
V  [jvm.dll+0x21f67a]
V  [jvm.dll+0x7ccde1]
V  [jvm.dll+0x7cde45]
V  [jvm.dll+0x7ce600]
V  [jvm.dll+0x218dac]
V  [jvm.dll+0x20dc67]
V  [jvm.dll+0x5ac6dc]
V  [jvm.dll+0x21f67a]
V  [jvm.dll+0x7ccde1]
V  [jvm.dll+0x7cde45]
V  [jvm.dll+0x7ce3ef]
V  [jvm.dll+0x7ce098]
V  [jvm.dll+0x26ebdb]
V  [jvm.dll+0x3d36fe]
C  0x000001fb9343b0ff

The last pc belongs to new (printed below).
Java frames: (J=compiled Java code, j=interpreted, Vv=VM code)
j  javax.swing.UIManager.setLookAndFeel(Ljava/lang/String;)V+9 java.desktop@21.0.1
j  javax.swing.UIManager.initializeDefaultLAF(Ljava/util/Properties;)V+58 java.desktop@21.0.1
j  javax.swing.UIManager.initialize()V+9 java.desktop@21.0.1
j  javax.swing.UIManager.maybeInitialize()V+22 java.desktop@21.0.1
j  javax.swing.UIManager.getInstalledLookAndFeels()[Ljavax/swing/UIManager$LookAndFeelInfo;+0 java.desktop@21.0.1
j  qldonhang.JFKhachHang.main([Ljava/lang/String;)V+0
v  ~StubRoutines::call_stub 0x000001fb934210e7
new  187 new  [0x000001fb9343af80, 0x000001fb9343b188]  520 bytes
[MachCode]
  0x000001fb9343af80: 4883 ec08 | c5fa 1104 | 24eb 1f48 | 83ec 10c5 | fb11 0424 | eb14 4883 | ec10 4889 | 0424 48c7 
  0x000001fb9343afa0: 4424 0800 | 0000 00eb | 0150 410f | b755 010f | cac1 ea10 | 488b 4de8 | 488b 4908 | 488b 4908 
  0x000001fb9343afc0: 488b 4108 | 807c 1004 | 070f 85d3 | 0000 0066 | 8b54 d148 | 488b 4928 | 488b 4cd1 | 0851 80b9 
  0x000001fb9343afe0: 2001 0000 | 050f 85b6 | 0000 008b | 5108 f6c2 | 010f 85aa | 0000 0049 | 8b87 b801 | 0000 488d 
  0x000001fb9343b000: 1c10 493b | 9fc8 0100 | 000f 8792 | 0000 0049 | 899f b801 | 0000 4883 | ea10 0f84 | 0f00 0000 
  0x000001fb9343b020: 33c9 c1ea | 0348 894c | d008 48ff | ca75 f648 | c700 0100 | 0000 5933 | f689 700c | 49ba 0000 
  0x000001fb9343b040: 00a1 fb01 | 0000 492b | ca89 4808 | 49ba ca25 | f1f3 ff7f | 0000 4180 | 3a00 0f84 | 3c00 0000 
  0x000001fb9343b060: 5048 8bc8 | 4883 ec20 | 40f6 c40f | 0f84 1900 | 0000 4883 | ec08 48b8 | 70eb a1f3 | ff7f 0000 
  0x000001fb9343b080: ffd0 4883 | c408 e90c | 0000 0048 | b870 eba1 | f3ff 7f00 | 00ff d048 | 83c4 2058 | e9cb 0000 
  0x000001fb9343b0a0: 0059 488b | 55e8 488b | 5208 488b | 5208 450f | b745 0141 | 0fc8 41c1 | e810 e805 | 0000 00e9 
  0x000001fb9343b0c0: a800 0000 | 488d 4424 | 084c 896d | c049 8bcf | c5f8 7749 | 89af a803 | 0000 4989 | 8798 0300 
  0x000001fb9343b0e0: 0048 83ec | 2040 f6c4 | 0f0f 8419 | 0000 0048 | 83ec 0848 | b8b0 366c | f3ff 7f00 | 00ff d048 
  0x000001fb9343b100: 83c4 08e9 | 0c00 0000 | 48b8 b036 | 6cf3 ff7f | 0000 ffd0 | 4883 c420 | 49c7 8798 | 0300 0000 
  0x000001fb9343b120: 0000 0049 | c787 a803 | 0000 0000 | 0000 49c7 | 87a0 0300 | 0000 0000 | 00c5 f877 | 4983 7f08 
  0x000001fb9343b140: 000f 8405 | 0000 00e9 | b45d feff | 498b 87f0 | 0300 0049 | c787 f003 | 0000 0000 | 0000 4c8b 
  0x000001fb9343b160: 6dc0 4c8b | 75c8 4e8d | 74f5 00c3 | 410f b65d | 0349 83c5 | 0349 ba80 | dff3 f3ff | 7f00 0041 
  0x000001fb9343b180: ff24 da0f | 1f44 0000 
[/MachCode]

---------------  P R O C E S S  ---------------

Threads class SMR info:
_java_thread_list=0x000001fba0bfcc10, length=14, elements={
0x000001fb818cf1c0, 0x000001fba0012760, 0x000001fba0015590, 0x000001fba0017970,
0x000001fba00187a0, 0x000001fba0019200, 0x000001fba0019c60, 0x000001fba001e310,
0x000001fba08920a0, 0x000001fba09b3300, 0x000001fba0a0c2a0, 0x000001fba0bafbd0,
0x000001fba0bb1810, 0x000001fba0c04760
}

Java Threads: ( => current thread )
=>0x000001fb818cf1c0 JavaThread "main"                              [_thread_in_vm, id=19212, stack(0x0000009d48100000,0x0000009d48200000) (1024K)]
  0x000001fba0012760 JavaThread "Reference Handler"          daemon [_thread_blocked, id=4984, stack(0x0000009d48900000,0x0000009d48a00000) (1024K)]
  0x000001fba0015590 JavaThread "Finalizer"                  daemon [_thread_blocked, id=14712, stack(0x0000009d48a00000,0x0000009d48b00000) (1024K)]
  0x000001fba0017970 JavaThread "Signal Dispatcher"          daemon [_thread_blocked, id=4956, stack(0x0000009d48b00000,0x0000009d48c00000) (1024K)]
  0x000001fba00187a0 JavaThread "Attach Listener"            daemon [_thread_blocked, id=5964, stack(0x0000009d48c00000,0x0000009d48d00000) (1024K)]
  0x000001fba0019200 JavaThread "Service Thread"             daemon [_thread_blocked, id=15252, stack(0x0000009d48d00000,0x0000009d48e00000) (1024K)]
  0x000001fba0019c60 JavaThread "Monitor Deflation Thread"   daemon [_thread_blocked, id=14304, stack(0x0000009d48e00000,0x0000009d48f00000) (1024K)]
  0x000001fba001e310 JavaThread "C2 CompilerThread0"         daemon [_thread_blocked, id=14888, stack(0x0000009d48f00000,0x0000009d49000000) (1024K)]
  0x000001fba08920a0 JavaThread "C1 CompilerThread0"         daemon [_thread_blocked, id=8968, stack(0x0000009d49000000,0x0000009d49100000) (1024K)]
  0x000001fba09b3300 JavaThread "Common-Cleaner"             daemon [_thread_blocked, id=6964, stack(0x0000009d49100000,0x0000009d49200000) (1024K)]
  0x000001fba0a0c2a0 JavaThread "Notification Thread"        daemon [_thread_blocked, id=9192, stack(0x0000009d49200000,0x0000009d49300000) (1024K)]
  0x000001fba0bafbd0 JavaThread "Java2D Disposer"            daemon [_thread_blocked, id=6468, stack(0x0000009d49300000,0x0000009d49400000) (1024K)]
  0x000001fba0bb1810 JavaThread "AWT-Shutdown"                      [_thread_blocked, id=13116, stack(0x0000009d49400000,0x0000009d49500000) (1024K)]
  0x000001fba0c04760 JavaThread "AWT-Windows"                daemon [_thread_in_native, id=7880, stack(0x0000009d49500000,0x0000009d49600000) (1024K)]
Total: 14

Other Threads:
  0x000001fb9fff1860 VMThread "VM Thread"                           [id=9104, stack(0x0000009d48800000,0x0000009d48900000) (1024K)]
  0x000001fb9ffd7280 WatcherThread "VM Periodic Task Thread"        [id=7908, stack(0x0000009d48700000,0x0000009d48800000) (1024K)]
  0x000001fb83b16260 WorkerThread "GC Thread#0"                     [id=16884, stack(0x0000009d48200000,0x0000009d48300000) (1024K)]
  0x000001fb818a3d30 ConcurrentGCThread "G1 Main Marker"            [id=1932, stack(0x0000009d48300000,0x0000009d48400000) (1024K)]
  0x000001fb83b28050 WorkerThread "G1 Conc#0"                       [id=1100, stack(0x0000009d48400000,0x0000009d48500000) (1024K)]
  0x000001fb9feaab60 ConcurrentGCThread "G1 Refine#0"               [id=16952, stack(0x0000009d48500000,0x0000009d48600000) (1024K)]
  0x000001fb9feab6d0 ConcurrentGCThread "G1 Service"                [id=10064, stack(0x0000009d48600000,0x0000009d48700000) (1024K)]
Total: 7

Threads with active compile tasks:
Total: 0

VM state: not at safepoint (normal execution)

VM Mutex/Monitor currently owned by a thread:  ([mutex/lock_event])
[0x00007ffff3f28578] Metaspace_lock - owner thread: 0x000001fb818cf1c0

Heap address: 0x0000000084a00000, size: 1974 MB, Compressed Oops mode: 32-bit

CDS archive(s) mapped at: [0x000001fba1000000-0x000001fba1c90000-0x000001fba1c90000), size 13172736, SharedBaseAddress: 0x000001fba1000000, ArchiveRelocationMode: 1.
Compressed class space mapped at: 0x000001fba2000000-0x000001fbe2000000, reserved size: 1073741824
Narrow klass base: 0x000001fba1000000, Narrow klass shift: 0, Narrow klass range: 0x100000000

GC Precious Log:
 CardTable entry size: 512
 Card Set container configuration: InlinePtr #cards 5 size 8 Array Of Cards #cards 12 size 40 Howl #buckets 4 coarsen threshold 1843 Howl Bitmap #cards 512 size 80 coarsen threshold 460 Card regions per heap region 1 cards per card region 2048
 CPUs: 12 total, 12 available
 Memory: 7893M
 Large Page Support: Disabled
 NUMA Support: Disabled
 Compressed Oops: Enabled (32-bit)
 Heap Region Size: 1M
 Heap Min Capacity: 8M
 Heap Initial Capacity: 124M
 Heap Max Capacity: 1974M
 Pre-touch: Disabled
 Parallel Workers: 10
 Concurrent Workers: 3
 Concurrent Refinement Workers: 10
 Periodic GC: Disabled

Heap:
 garbage-first heap   total 126976K, used 3072K [0x0000000084a00000, 0x0000000100000000)
  region size 1024K, 4 young (4096K), 0 survivors (0K)
 Metaspace       used 3330K, committed 3456K, reserved 1114112K
  class space    used 320K, committed 384K, reserved 1048576K

Heap Regions: E=young(eden), S=young(survivor), O=old, HS=humongous(starts), HC=humongous(continues), CS=collection set, F=free, TAMS=top-at-mark-start, PB=parsable bottom
|   0|0x0000000084a00000, 0x0000000084a00000, 0x0000000084b00000|  0%| F|  |TAMS 0x0000000084a00000| PB 0x0000000084a00000| Untracked 
|   1|0x0000000084b00000, 0x0000000084b00000, 0x0000000084c00000|  0%| F|  |TAMS 0x0000000084b00000| PB 0x0000000084b00000| Untracked 
|   2|0x0000000084c00000, 0x0000000084c00000, 0x0000000084d00000|  0%| F|  |TAMS 0x0000000084c00000| PB 0x0000000084c00000| Untracked 
|   3|0x0000000084d00000, 0x0000000084d00000, 0x0000000084e00000|  0%| F|  |TAMS 0x0000000084d00000| PB 0x0000000084d00000| Untracked 
|   4|0x0000000084e00000, 0x0000000084e00000, 0x0000000084f00000|  0%| F|  |TAMS 0x0000000084e00000| PB 0x0000000084e00000| Untracked 
|   5|0x0000000084f00000, 0x0000000084f00000, 0x0000000085000000|  0%| F|  |TAMS 0x0000000084f00000| PB 0x0000000084f00000| Untracked 
|   6|0x0000000085000000, 0x0000000085000000, 0x0000000085100000|  0%| F|  |TAMS 0x0000000085000000| PB 0x0000000085000000| Untracked 
|   7|0x0000000085100000, 0x0000000085100000, 0x0000000085200000|  0%| F|  |TAMS 0x0000000085100000| PB 0x0000000085100000| Untracked 
|   8|0x0000000085200000, 0x0000000085200000, 0x0000000085300000|  0%| F|  |TAMS 0x0000000085200000| PB 0x0000000085200000| Untracked 
|   9|0x0000000085300000, 0x0000000085300000, 0x0000000085400000|  0%| F|  |TAMS 0x0000000085300000| PB 0x0000000085300000| Untracked 
|  10|0x0000000085400000, 0x0000000085400000, 0x0000000085500000|  0%| F|  |TAMS 0x0000000085400000| PB 0x0000000085400000| Untracked 
|  11|0x0000000085500000, 0x0000000085500000, 0x0000000085600000|  0%| F|  |TAMS 0x0000000085500000| PB 0x0000000085500000| Untracked 
|  12|0x0000000085600000, 0x0000000085600000, 0x0000000085700000|  0%| F|  |TAMS 0x0000000085600000| PB 0x0000000085600000| Untracked 
|  13|0x0000000085700000, 0x0000000085700000, 0x0000000085800000|  0%| F|  |TAMS 0x0000000085700000| PB 0x0000000085700000| Untracked 
|  14|0x0000000085800000, 0x0000000085800000, 0x0000000085900000|  0%| F|  |TAMS 0x0000000085800000| PB 0x0000000085800000| Untracked 
|  15|0x0000000085900000, 0x0000000085900000, 0x0000000085a00000|  0%| F|  |TAMS 0x0000000085900000| PB 0x0000000085900000| Untracked 
|  16|0x0000000085a00000, 0x0000000085a00000, 0x0000000085b00000|  0%| F|  |TAMS 0x0000000085a00000| PB 0x0000000085a00000| Untracked 
|  17|0x0000000085b00000, 0x0000000085b00000, 0x0000000085c00000|  0%| F|  |TAMS 0x0000000085b00000| PB 0x0000000085b00000| Untracked 
|  18|0x0000000085c00000, 0x0000000085c00000, 0x0000000085d00000|  0%| F|  |TAMS 0x0000000085c00000| PB 0x0000000085c00000| Untracked 
|  19|0x0000000085d00000, 0x0000000085d00000, 0x0000000085e00000|  0%| F|  |TAMS 0x0000000085d00000| PB 0x0000000085d00000| Untracked 
|  20|0x0000000085e00000, 0x0000000085e00000, 0x0000000085f00000|  0%| F|  |TAMS 0x0000000085e00000| PB 0x0000000085e00000| Untracked 
|  21|0x0000000085f00000, 0x0000000085f00000, 0x0000000086000000|  0%| F|  |TAMS 0x0000000085f00000| PB 0x0000000085f00000| Untracked 
|  22|0x0000000086000000, 0x0000000086000000, 0x0000000086100000|  0%| F|  |TAMS 0x0000000086000000| PB 0x0000000086000000| Untracked 
|  23|0x0000000086100000, 0x0000000086100000, 0x0000000086200000|  0%| F|  |TAMS 0x0000000086100000| PB 0x0000000086100000| Untracked 
|  24|0x0000000086200000, 0x0000000086200000, 0x0000000086300000|  0%| F|  |TAMS 0x0000000086200000| PB 0x0000000086200000| Untracked 
|  25|0x0000000086300000, 0x0000000086300000, 0x0000000086400000|  0%| F|  |TAMS 0x0000000086300000| PB 0x0000000086300000| Untracked 
|  26|0x0000000086400000, 0x0000000086400000, 0x0000000086500000|  0%| F|  |TAMS 0x0000000086400000| PB 0x0000000086400000| Untracked 
|  27|0x0000000086500000, 0x0000000086500000, 0x0000000086600000|  0%| F|  |TAMS 0x0000000086500000| PB 0x0000000086500000| Untracked 
|  28|0x0000000086600000, 0x0000000086600000, 0x0000000086700000|  0%| F|  |TAMS 0x0000000086600000| PB 0x0000000086600000| Untracked 
|  29|0x0000000086700000, 0x0000000086700000, 0x0000000086800000|  0%| F|  |TAMS 0x0000000086700000| PB 0x0000000086700000| Untracked 
|  30|0x0000000086800000, 0x0000000086800000, 0x0000000086900000|  0%| F|  |TAMS 0x0000000086800000| PB 0x0000000086800000| Untracked 
|  31|0x0000000086900000, 0x0000000086900000, 0x0000000086a00000|  0%| F|  |TAMS 0x0000000086900000| PB 0x0000000086900000| Untracked 
|  32|0x0000000086a00000, 0x0000000086a00000, 0x0000000086b00000|  0%| F|  |TAMS 0x0000000086a00000| PB 0x0000000086a00000| Untracked 
|  33|0x0000000086b00000, 0x0000000086b00000, 0x0000000086c00000|  0%| F|  |TAMS 0x0000000086b00000| PB 0x0000000086b00000| Untracked 
|  34|0x0000000086c00000, 0x0000000086c00000, 0x0000000086d00000|  0%| F|  |TAMS 0x0000000086c00000| PB 0x0000000086c00000| Untracked 
|  35|0x0000000086d00000, 0x0000000086d00000, 0x0000000086e00000|  0%| F|  |TAMS 0x0000000086d00000| PB 0x0000000086d00000| Untracked 
|  36|0x0000000086e00000, 0x0000000086e00000, 0x0000000086f00000|  0%| F|  |TAMS 0x0000000086e00000| PB 0x0000000086e00000| Untracked 
|  37|0x0000000086f00000, 0x0000000086f00000, 0x0000000087000000|  0%| F|  |TAMS 0x0000000086f00000| PB 0x0000000086f00000| Untracked 
|  38|0x0000000087000000, 0x0000000087000000, 0x0000000087100000|  0%| F|  |TAMS 0x0000000087000000| PB 0x0000000087000000| Untracked 
|  39|0x0000000087100000, 0x0000000087100000, 0x0000000087200000|  0%| F|  |TAMS 0x0000000087100000| PB 0x0000000087100000| Untracked 
|  40|0x0000000087200000, 0x0000000087200000, 0x0000000087300000|  0%| F|  |TAMS 0x0000000087200000| PB 0x0000000087200000| Untracked 
|  41|0x0000000087300000, 0x0000000087300000, 0x0000000087400000|  0%| F|  |TAMS 0x0000000087300000| PB 0x0000000087300000| Untracked 
|  42|0x0000000087400000, 0x0000000087400000, 0x0000000087500000|  0%| F|  |TAMS 0x0000000087400000| PB 0x0000000087400000| Untracked 
|  43|0x0000000087500000, 0x0000000087500000, 0x0000000087600000|  0%| F|  |TAMS 0x0000000087500000| PB 0x0000000087500000| Untracked 
|  44|0x0000000087600000, 0x0000000087600000, 0x0000000087700000|  0%| F|  |TAMS 0x0000000087600000| PB 0x0000000087600000| Untracked 
|  45|0x0000000087700000, 0x0000000087700000, 0x0000000087800000|  0%| F|  |TAMS 0x0000000087700000| PB 0x0000000087700000| Untracked 
|  46|0x0000000087800000, 0x0000000087800000, 0x0000000087900000|  0%| F|  |TAMS 0x0000000087800000| PB 0x0000000087800000| Untracked 
|  47|0x0000000087900000, 0x0000000087900000, 0x0000000087a00000|  0%| F|  |TAMS 0x0000000087900000| PB 0x0000000087900000| Untracked 
|  48|0x0000000087a00000, 0x0000000087a00000, 0x0000000087b00000|  0%| F|  |TAMS 0x0000000087a00000| PB 0x0000000087a00000| Untracked 
|  49|0x0000000087b00000, 0x0000000087b00000, 0x0000000087c00000|  0%| F|  |TAMS 0x0000000087b00000| PB 0x0000000087b00000| Untracked 
|  50|0x0000000087c00000, 0x0000000087c00000, 0x0000000087d00000|  0%| F|  |TAMS 0x0000000087c00000| PB 0x0000000087c00000| Untracked 
|  51|0x0000000087d00000, 0x0000000087d00000, 0x0000000087e00000|  0%| F|  |TAMS 0x0000000087d00000| PB 0x0000000087d00000| Untracked 
|  52|0x0000000087e00000, 0x0000000087e00000, 0x0000000087f00000|  0%| F|  |TAMS 0x0000000087e00000| PB 0x0000000087e00000| Untracked 
|  53|0x0000000087f00000, 0x0000000087f00000, 0x0000000088000000|  0%| F|  |TAMS 0x0000000087f00000| PB 0x0000000087f00000| Untracked 
|  54|0x0000000088000000, 0x0000000088000000, 0x0000000088100000|  0%| F|  |TAMS 0x0000000088000000| PB 0x0000000088000000| Untracked 
|  55|0x0000000088100000, 0x0000000088100000, 0x0000000088200000|  0%| F|  |TAMS 0x0000000088100000| PB 0x0000000088100000| Untracked 
|  56|0x0000000088200000, 0x0000000088200000, 0x0000000088300000|  0%| F|  |TAMS 0x0000000088200000| PB 0x0000000088200000| Untracked 
|  57|0x0000000088300000, 0x0000000088300000, 0x0000000088400000|  0%| F|  |TAMS 0x0000000088300000| PB 0x0000000088300000| Untracked 
|  58|0x0000000088400000, 0x0000000088400000, 0x0000000088500000|  0%| F|  |TAMS 0x0000000088400000| PB 0x0000000088400000| Untracked 
|  59|0x0000000088500000, 0x0000000088500000, 0x0000000088600000|  0%| F|  |TAMS 0x0000000088500000| PB 0x0000000088500000| Untracked 
|  60|0x0000000088600000, 0x0000000088600000, 0x0000000088700000|  0%| F|  |TAMS 0x0000000088600000| PB 0x0000000088600000| Untracked 
|  61|0x0000000088700000, 0x0000000088700000, 0x0000000088800000|  0%| F|  |TAMS 0x0000000088700000| PB 0x0000000088700000| Untracked 
|  62|0x0000000088800000, 0x0000000088800000, 0x0000000088900000|  0%| F|  |TAMS 0x0000000088800000| PB 0x0000000088800000| Untracked 
|  63|0x0000000088900000, 0x0000000088900000, 0x0000000088a00000|  0%| F|  |TAMS 0x0000000088900000| PB 0x0000000088900000| Untracked 
|  64|0x0000000088a00000, 0x0000000088a00000, 0x0000000088b00000|  0%| F|  |TAMS 0x0000000088a00000| PB 0x0000000088a00000| Untracked 
|  65|0x0000000088b00000, 0x0000000088b00000, 0x0000000088c00000|  0%| F|  |TAMS 0x0000000088b00000| PB 0x0000000088b00000| Untracked 
|  66|0x0000000088c00000, 0x0000000088c00000, 0x0000000088d00000|  0%| F|  |TAMS 0x0000000088c00000| PB 0x0000000088c00000| Untracked 
|  67|0x0000000088d00000, 0x0000000088d00000, 0x0000000088e00000|  0%| F|  |TAMS 0x0000000088d00000| PB 0x0000000088d00000| Untracked 
|  68|0x0000000088e00000, 0x0000000088e00000, 0x0000000088f00000|  0%| F|  |TAMS 0x0000000088e00000| PB 0x0000000088e00000| Untracked 
|  69|0x0000000088f00000, 0x0000000088f00000, 0x0000000089000000|  0%| F|  |TAMS 0x0000000088f00000| PB 0x0000000088f00000| Untracked 
|  70|0x0000000089000000, 0x0000000089000000, 0x0000000089100000|  0%| F|  |TAMS 0x0000000089000000| PB 0x0000000089000000| Untracked 
|  71|0x0000000089100000, 0x0000000089100000, 0x0000000089200000|  0%| F|  |TAMS 0x0000000089100000| PB 0x0000000089100000| Untracked 
|  72|0x0000000089200000, 0x0000000089200000, 0x0000000089300000|  0%| F|  |TAMS 0x0000000089200000| PB 0x0000000089200000| Untracked 
|  73|0x0000000089300000, 0x0000000089300000, 0x0000000089400000|  0%| F|  |TAMS 0x0000000089300000| PB 0x0000000089300000| Untracked 
|  74|0x0000000089400000, 0x0000000089400000, 0x0000000089500000|  0%| F|  |TAMS 0x0000000089400000| PB 0x0000000089400000| Untracked 
|  75|0x0000000089500000, 0x0000000089500000, 0x0000000089600000|  0%| F|  |TAMS 0x0000000089500000| PB 0x0000000089500000| Untracked 
|  76|0x0000000089600000, 0x0000000089600000, 0x0000000089700000|  0%| F|  |TAMS 0x0000000089600000| PB 0x0000000089600000| Untracked 
|  77|0x0000000089700000, 0x0000000089700000, 0x0000000089800000|  0%| F|  |TAMS 0x0000000089700000| PB 0x0000000089700000| Untracked 
|  78|0x0000000089800000, 0x0000000089800000, 0x0000000089900000|  0%| F|  |TAMS 0x0000000089800000| PB 0x0000000089800000| Untracked 
|  79|0x0000000089900000, 0x0000000089900000, 0x0000000089a00000|  0%| F|  |TAMS 0x0000000089900000| PB 0x0000000089900000| Untracked 
|  80|0x0000000089a00000, 0x0000000089a00000, 0x0000000089b00000|  0%| F|  |TAMS 0x0000000089a00000| PB 0x0000000089a00000| Untracked 
|  81|0x0000000089b00000, 0x0000000089b00000, 0x0000000089c00000|  0%| F|  |TAMS 0x0000000089b00000| PB 0x0000000089b00000| Untracked 
|  82|0x0000000089c00000, 0x0000000089c00000, 0x0000000089d00000|  0%| F|  |TAMS 0x0000000089c00000| PB 0x0000000089c00000| Untracked 
|  83|0x0000000089d00000, 0x0000000089d00000, 0x0000000089e00000|  0%| F|  |TAMS 0x0000000089d00000| PB 0x0000000089d00000| Untracked 
|  84|0x0000000089e00000, 0x0000000089e00000, 0x0000000089f00000|  0%| F|  |TAMS 0x0000000089e00000| PB 0x0000000089e00000| Untracked 
|  85|0x0000000089f00000, 0x0000000089f00000, 0x000000008a000000|  0%| F|  |TAMS 0x0000000089f00000| PB 0x0000000089f00000| Untracked 
|  86|0x000000008a000000, 0x000000008a000000, 0x000000008a100000|  0%| F|  |TAMS 0x000000008a000000| PB 0x000000008a000000| Untracked 
|  87|0x000000008a100000, 0x000000008a100000, 0x000000008a200000|  0%| F|  |TAMS 0x000000008a100000| PB 0x000000008a100000| Untracked 
|  88|0x000000008a200000, 0x000000008a200000, 0x000000008a300000|  0%| F|  |TAMS 0x000000008a200000| PB 0x000000008a200000| Untracked 
|  89|0x000000008a300000, 0x000000008a300000, 0x000000008a400000|  0%| F|  |TAMS 0x000000008a300000| PB 0x000000008a300000| Untracked 
|  90|0x000000008a400000, 0x000000008a400000, 0x000000008a500000|  0%| F|  |TAMS 0x000000008a400000| PB 0x000000008a400000| Untracked 
|  91|0x000000008a500000, 0x000000008a500000, 0x000000008a600000|  0%| F|  |TAMS 0x000000008a500000| PB 0x000000008a500000| Untracked 
|  92|0x000000008a600000, 0x000000008a600000, 0x000000008a700000|  0%| F|  |TAMS 0x000000008a600000| PB 0x000000008a600000| Untracked 
|  93|0x000000008a700000, 0x000000008a700000, 0x000000008a800000|  0%| F|  |TAMS 0x000000008a700000| PB 0x000000008a700000| Untracked 
|  94|0x000000008a800000, 0x000000008a800000, 0x000000008a900000|  0%| F|  |TAMS 0x000000008a800000| PB 0x000000008a800000| Untracked 
|  95|0x000000008a900000, 0x000000008a900000, 0x000000008aa00000|  0%| F|  |TAMS 0x000000008a900000| PB 0x000000008a900000| Untracked 
|  96|0x000000008aa00000, 0x000000008aa00000, 0x000000008ab00000|  0%| F|  |TAMS 0x000000008aa00000| PB 0x000000008aa00000| Untracked 
|  97|0x000000008ab00000, 0x000000008ab00000, 0x000000008ac00000|  0%| F|  |TAMS 0x000000008ab00000| PB 0x000000008ab00000| Untracked 
|  98|0x000000008ac00000, 0x000000008ac00000, 0x000000008ad00000|  0%| F|  |TAMS 0x000000008ac00000| PB 0x000000008ac00000| Untracked 
|  99|0x000000008ad00000, 0x000000008ad00000, 0x000000008ae00000|  0%| F|  |TAMS 0x000000008ad00000| PB 0x000000008ad00000| Untracked 
| 100|0x000000008ae00000, 0x000000008ae00000, 0x000000008af00000|  0%| F|  |TAMS 0x000000008ae00000| PB 0x000000008ae00000| Untracked 
| 101|0x000000008af00000, 0x000000008af00000, 0x000000008b000000|  0%| F|  |TAMS 0x000000008af00000| PB 0x000000008af00000| Untracked 
| 102|0x000000008b000000, 0x000000008b000000, 0x000000008b100000|  0%| F|  |TAMS 0x000000008b000000| PB 0x000000008b000000| Untracked 
| 103|0x000000008b100000, 0x000000008b100000, 0x000000008b200000|  0%| F|  |TAMS 0x000000008b100000| PB 0x000000008b100000| Untracked 
| 104|0x000000008b200000, 0x000000008b200000, 0x000000008b300000|  0%| F|  |TAMS 0x000000008b200000| PB 0x000000008b200000| Untracked 
| 105|0x000000008b300000, 0x000000008b300000, 0x000000008b400000|  0%| F|  |TAMS 0x000000008b300000| PB 0x000000008b300000| Untracked 
| 106|0x000000008b400000, 0x000000008b400000, 0x000000008b500000|  0%| F|  |TAMS 0x000000008b400000| PB 0x000000008b400000| Untracked 
| 107|0x000000008b500000, 0x000000008b500000, 0x000000008b600000|  0%| F|  |TAMS 0x000000008b500000| PB 0x000000008b500000| Untracked 
| 108|0x000000008b600000, 0x000000008b600000, 0x000000008b700000|  0%| F|  |TAMS 0x000000008b600000| PB 0x000000008b600000| Untracked 
| 109|0x000000008b700000, 0x000000008b700000, 0x000000008b800000|  0%| F|  |TAMS 0x000000008b700000| PB 0x000000008b700000| Untracked 
| 110|0x000000008b800000, 0x000000008b800000, 0x000000008b900000|  0%| F|  |TAMS 0x000000008b800000| PB 0x000000008b800000| Untracked 
| 111|0x000000008b900000, 0x000000008b900000, 0x000000008ba00000|  0%| F|  |TAMS 0x000000008b900000| PB 0x000000008b900000| Untracked 
| 112|0x000000008ba00000, 0x000000008ba00000, 0x000000008bb00000|  0%| F|  |TAMS 0x000000008ba00000| PB 0x000000008ba00000| Untracked 
| 113|0x000000008bb00000, 0x000000008bb00000, 0x000000008bc00000|  0%| F|  |TAMS 0x000000008bb00000| PB 0x000000008bb00000| Untracked 
| 114|0x000000008bc00000, 0x000000008bc00000, 0x000000008bd00000|  0%| F|  |TAMS 0x000000008bc00000| PB 0x000000008bc00000| Untracked 
| 115|0x000000008bd00000, 0x000000008bd00000, 0x000000008be00000|  0%| F|  |TAMS 0x000000008bd00000| PB 0x000000008bd00000| Untracked 
| 116|0x000000008be00000, 0x000000008be00000, 0x000000008bf00000|  0%| F|  |TAMS 0x000000008be00000| PB 0x000000008be00000| Untracked 
| 117|0x000000008bf00000, 0x000000008bf00000, 0x000000008c000000|  0%| F|  |TAMS 0x000000008bf00000| PB 0x000000008bf00000| Untracked 
| 118|0x000000008c000000, 0x000000008c000000, 0x000000008c100000|  0%| F|  |TAMS 0x000000008c000000| PB 0x000000008c000000| Untracked 
| 119|0x000000008c100000, 0x000000008c100000, 0x000000008c200000|  0%| F|  |TAMS 0x000000008c100000| PB 0x000000008c100000| Untracked 
| 120|0x000000008c200000, 0x000000008c300000, 0x000000008c300000|100%| E|  |TAMS 0x000000008c200000| PB 0x000000008c200000| Complete 
| 121|0x000000008c300000, 0x000000008c400000, 0x000000008c400000|100%| E|CS|TAMS 0x000000008c300000| PB 0x000000008c300000| Complete 
| 122|0x000000008c400000, 0x000000008c500000, 0x000000008c500000|100%| E|CS|TAMS 0x000000008c400000| PB 0x000000008c400000| Complete 
| 123|0x000000008c500000, 0x000000008c600000, 0x000000008c600000|100%| E|CS|TAMS 0x000000008c500000| PB 0x000000008c500000| Complete 

Card table byte_map: [0x000001fb9b820000,0x000001fb9bc00000] _byte_map_base: 0x000001fb9b3fb000

Marking Bits: (CMBitMap*) 0x000001fb83b16960
 Bits: [0x000001fb9bc00000, 0x000001fb9dad8000)

Polling page: 0x000001fb83260000

Metaspace:

Usage:
  Non-class:      2.94 MB used.
      Class:    320.82 KB used.
       Both:      3.25 MB used.

Virtual space:
  Non-class space:       64.00 MB reserved,       3.00 MB (  5%) committed,  1 nodes.
      Class space:        1.00 GB reserved,     384.00 KB ( <1%) committed,  1 nodes.
             Both:        1.06 GB reserved,       3.38 MB ( <1%) committed. 

Chunk freelists:
   Non-Class:  11.89 MB
       Class:  15.57 MB
        Both:  27.46 MB

MaxMetaspaceSize: unlimited
CompressedClassSpaceSize: 1.00 GB
Initial GC threshold: 21.00 MB
Current GC threshold: 21.00 MB
CDS: on
 - commit_granule_bytes: 65536.
 - commit_granule_words: 8192.
 - virtual_space_node_default_size: 8388608.
 - enlarge_chunks_in_place: 1.
 - use_allocation_guard: 0.


Internal statistics:

num_allocs_failed_limit: 0.
num_arena_births: 94.
num_arena_deaths: 0.
num_vsnodes_births: 2.
num_vsnodes_deaths: 0.
num_space_committed: 54.
num_space_uncommitted: 0.
num_chunks_returned_to_freelist: 0.
num_chunks_taken_from_freelist: 108.
num_chunk_merges: 0.
num_chunk_splits: 68.
num_chunks_enlarged: 33.
num_inconsistent_stats: 0.

CodeHeap 'non-profiled nmethods': size=120000Kb used=139Kb max_used=139Kb free=119861Kb
 bounds [0x000001fb939c0000, 0x000001fb93c30000, 0x000001fb9aef0000]
CodeHeap 'profiled nmethods': size=120000Kb used=533Kb max_used=533Kb free=119466Kb
 bounds [0x000001fb8bef0000, 0x000001fb8c160000, 0x000001fb93420000]
CodeHeap 'non-nmethods': size=5760Kb used=1523Kb max_used=1527Kb free=4236Kb
 bounds [0x000001fb93420000, 0x000001fb93690000, 0x000001fb939c0000]
 total_blobs=886 nmethods=403 adapters=388
 compilation: enabled
              stopped_count=0, restarted_count=0
 full_count=0

Compilation events (20 events):
Event: 0.205 Thread 0x000001fba08920a0  391       3       java.lang.StringLatin1::compareTo (14 bytes)
Event: 0.205 Thread 0x000001fba08920a0 nmethod 391 0x000001fb8bf71890 code [0x000001fb8bf71a40, 0x000001fb8bf71b68]
Event: 0.205 Thread 0x000001fba08920a0  392       3       java.lang.StringLatin1::compareTo (41 bytes)
Event: 0.206 Thread 0x000001fba08920a0 nmethod 392 0x000001fb8bf71c90 code [0x000001fb8bf71e60, 0x000001fb8bf721d8]
Event: 0.206 Thread 0x000001fba08920a0  395       3       java.lang.Integer::numberOfTrailingZeros (80 bytes)
Event: 0.206 Thread 0x000001fba08920a0 nmethod 395 0x000001fb8bf72410 code [0x000001fb8bf725c0, 0x000001fb8bf72830]
Event: 0.206 Thread 0x000001fba08920a0  396       3       java.lang.StringConcatHelper::checkOverflow (17 bytes)
Event: 0.206 Thread 0x000001fba08920a0 nmethod 396 0x000001fb8bf72890 code [0x000001fb8bf72a40, 0x000001fb8bf72c20]
Event: 0.207 Thread 0x000001fba08920a0  397       1       java.util.concurrent.atomic.AtomicInteger::get (5 bytes)
Event: 0.207 Thread 0x000001fba08920a0 nmethod 397 0x000001fb939e2190 code [0x000001fb939e2320, 0x000001fb939e23e8]
Event: 0.207 Thread 0x000001fba08920a0  398       3       java.util.IdentityHashMap$IdentityHashMapIterator::hasNext (50 bytes)
Event: 0.207 Thread 0x000001fba08920a0 nmethod 398 0x000001fb8bf72d10 code [0x000001fb8bf72ec0, 0x000001fb8bf73120]
Event: 0.209 Thread 0x000001fba08920a0  399       3       java.lang.invoke.InvokerBytecodeGenerator::emitLoadInsn (21 bytes)
Event: 0.209 Thread 0x000001fba08920a0 nmethod 399 0x000001fb8bf73210 code [0x000001fb8bf733e0, 0x000001fb8bf73640]
Event: 0.209 Thread 0x000001fba08920a0  400       3       java.lang.invoke.InvokerBytecodeGenerator::loadInsnOpcode (98 bytes)
Event: 0.209 Thread 0x000001fba08920a0 nmethod 400 0x000001fb8bf73790 code [0x000001fb8bf73a00, 0x000001fb8bf74380]
Event: 0.209 Thread 0x000001fba08920a0  401   !   3       java.lang.invoke.MemberName$Factory::resolve (159 bytes)
Event: 0.210 Thread 0x000001fba08920a0 nmethod 401 0x000001fb8bf74690 code [0x000001fb8bf748c0, 0x000001fb8bf74fc8]
Event: 0.210 Thread 0x000001fba08920a0  403       3       java.lang.invoke.MethodType::basicType (8 bytes)
Event: 0.210 Thread 0x000001fba08920a0 nmethod 403 0x000001fb8bf75310 code [0x000001fb8bf754a0, 0x000001fb8bf755d0]

GC Heap History (0 events):
No events

Dll operation events (6 events):
Event: 0.008 Loaded shared library C:\Program Files\Java\jdk-21\bin\java.dll
Event: 0.041 Loaded shared library C:\Program Files\Java\jdk-21\bin\jsvml.dll
Event: 0.070 Loaded shared library C:\Program Files\Java\jdk-21\bin\net.dll
Event: 0.072 Loaded shared library C:\Program Files\Java\jdk-21\bin\nio.dll
Event: 0.109 Loaded shared library C:\Program Files\Java\jdk-21\bin\jimage.dll
Event: 0.123 Loaded shared library C:\Program Files\Java\jdk-21\bin\awt.dll

Deoptimization events (4 events):
Event: 0.207 Thread 0x000001fb818cf1c0 Uncommon trap: trap_request=0xffffff45 fr.pc=0x000001fb939cfe40 relative=0x0000000000000b60
Event: 0.207 Thread 0x000001fb818cf1c0 Uncommon trap: reason=unstable_if action=reinterpret pc=0x000001fb939cfe40 method=java.util.HashMap.putVal(ILjava/lang/Object;Ljava/lang/Object;ZZ)Ljava/lang/Object; @ 81 c2
Event: 0.207 Thread 0x000001fb818cf1c0 DEOPT PACKING pc=0x000001fb939cfe40 sp=0x0000009d481fe500
Event: 0.207 Thread 0x000001fb818cf1c0 DEOPT UNPACKING pc=0x000001fb93477da2 sp=0x0000009d481fe4b0 mode 2

Classes loaded (20 events):
Event: 0.208 Loading class javax/swing/UIClientPropertyKey done
Event: 0.208 Loading class sun/swing/StringUIClientPropertyKey done
Event: 0.208 Loading class sun/swing/SwingUtilities2$LSBCacheEntry
Event: 0.208 Loading class sun/swing/SwingUtilities2$LSBCacheEntry done
Event: 0.208 Loading class javax/swing/SwingUtilities
Event: 0.208 Loading class javax/swing/SwingUtilities done
Event: 0.208 Loading class javax/swing/UIManager$LAFState
Event: 0.208 Loading class javax/swing/UIManager$LAFState done
Event: 0.208 Loading class javax/swing/UIDefaults
Event: 0.208 Loading class javax/swing/UIDefaults done
Event: 0.208 Loading class javax/swing/MultiUIDefaults
Event: 0.208 Loading class javax/swing/MultiUIDefaults done
Event: 0.208 Loading class sun/swing/SwingAccessor$UIDefaultsAccessor
Event: 0.208 Loading class sun/swing/SwingAccessor$UIDefaultsAccessor done
Event: 0.209 Loading class sun/swing/SwingAccessor
Event: 0.209 Loading class sun/swing/SwingAccessor done
Event: 0.209 Loading class javax/swing/UIManager$1
Event: 0.209 Loading class javax/swing/UIManager$1 done
Event: 0.210 Loading class javax/swing/plaf/metal/MetalLookAndFeel
Event: 0.210 Loading class javax/swing/plaf/basic/BasicLookAndFeel

Classes unloaded (0 events):
No events

Classes redefined (0 events):
No events

Internal exceptions (6 events):
Event: 0.072 Thread 0x000001fb818cf1c0 Exception <a 'sun/nio/fs/WindowsException'{0x000000008c443810}> (0x000000008c443810) 
thrown [s\open\src\hotspot\share\prims\jni.cpp, line 520]
Event: 0.074 Thread 0x000001fb818cf1c0 Exception <a 'sun/nio/fs/WindowsException'{0x000000008c445910}> (0x000000008c445910) 
thrown [s\open\src\hotspot\share\prims\jni.cpp, line 520]
Event: 0.115 Thread 0x000001fb818cf1c0 Exception <a 'java/lang/ClassNotFoundException'{0x000000008c367d88}: sun/awt/resources/spi/awtProvider> (0x000000008c367d88) 
thrown [s\open\src\hotspot\share\classfile\systemDictionary.cpp, line 312]
Event: 0.134 Thread 0x000001fb818cf1c0 Exception <a 'java/io/FileNotFoundException'{0x000000008c3bd058}> (0x000000008c3bd058) 
thrown [s\open\src\hotspot\share\prims\jni.cpp, line 520]
Event: 0.139 Thread 0x000001fb818cf1c0 Exception <a 'java/io/FileNotFoundException'{0x000000008c3e7090}> (0x000000008c3e7090) 
thrown [s\open\src\hotspot\share\prims\jni.cpp, line 520]
Event: 0.208 Thread 0x000001fb818cf1c0 Exception <a 'java/lang/NoSuchMethodError'{0x000000008c263dc0}: 'void java.lang.invoke.DirectMethodHandle$Holder.invokeSpecial(java.lang.Object, java.lang.Object, java.lang.Object)'> (0x000000008c263dc0) 
thrown [s\open\src\hotspot\share\interpreter\linkResolver.cpp, line 773]

ZGC Phase Switch (0 events):
No events

VM Operations (4 events):
Event: 0.074 Executing VM operation: HandshakeAllThreads (Deoptimize)
Event: 0.075 Executing VM operation: HandshakeAllThreads (Deoptimize) done
Event: 0.149 Executing VM operation: HandshakeAllThreads (Deoptimize)
Event: 0.149 Executing VM operation: HandshakeAllThreads (Deoptimize) done

Events (14 events):
Event: 0.023 Thread 0x000001fb818cf1c0 Thread added: 0x000001fb818cf1c0
Event: 0.038 Thread 0x000001fba0012760 Thread added: 0x000001fba0012760
Event: 0.038 Thread 0x000001fba0015590 Thread added: 0x000001fba0015590
Event: 0.038 Thread 0x000001fba0017970 Thread added: 0x000001fba0017970
Event: 0.038 Thread 0x000001fba00187a0 Thread added: 0x000001fba00187a0
Event: 0.038 Thread 0x000001fba0019200 Thread added: 0x000001fba0019200
Event: 0.038 Thread 0x000001fba0019c60 Thread added: 0x000001fba0019c60
Event: 0.038 Thread 0x000001fba001e310 Thread added: 0x000001fba001e310
Event: 0.039 Thread 0x000001fba08920a0 Thread added: 0x000001fba08920a0
Event: 0.057 Thread 0x000001fba09b3300 Thread added: 0x000001fba09b3300
Event: 0.088 Thread 0x000001fba0a0c2a0 Thread added: 0x000001fba0a0c2a0
Event: 0.179 Thread 0x000001fba0bafbd0 Thread added: 0x000001fba0bafbd0
Event: 0.180 Thread 0x000001fba0bb1810 Thread added: 0x000001fba0bb1810
Event: 0.181 Thread 0x000001fba0c04760 Thread added: 0x000001fba0c04760


Dynamic libraries:
0x00007ff7e3970000 - 0x00007ff7e3980000 	C:\Program Files\Java\jdk-21\bin\java.exe
0x00007ff83b870000 - 0x00007ff83ba87000 	C:\WINDOWS\SYSTEM32\ntdll.dll
0x00007ff83a1c0000 - 0x00007ff83a284000 	C:\WINDOWS\System32\KERNEL32.DLL
0x00007ff8390f0000 - 0x00007ff839496000 	C:\WINDOWS\System32\KERNELBASE.dll
0x0000000073240000 - 0x0000000073570000 	C:\Program Files\Norton Security\NortonData\22.20.5.40\Definitions\IPSDefs\20230113.061\IPSEng64.dll
0x00007ff83a100000 - 0x00007ff83a1b3000 	C:\WINDOWS\System32\ADVAPI32.dll
0x00007ff839d10000 - 0x00007ff839db7000 	C:\WINDOWS\System32\msvcrt.dll
0x00007ff839e10000 - 0x00007ff839eb8000 	C:\WINDOWS\System32\sechost.dll
0x00007ff838ca0000 - 0x00007ff838cc8000 	C:\WINDOWS\System32\bcrypt.dll
0x00007ff839bf0000 - 0x00007ff839d07000 	C:\WINDOWS\System32\RPCRT4.dll
0x00007ff83b270000 - 0x00007ff83b278000 	C:\WINDOWS\System32\PSAPI.DLL
0x00007ff838cd0000 - 0x00007ff838de1000 	C:\WINDOWS\System32\ucrtbase.dll
0x00007ff82f5d0000 - 0x00007ff82f5e9000 	C:\Program Files\Java\jdk-21\bin\jli.dll
0x00007ff832fb0000 - 0x00007ff832fcb000 	C:\Program Files\Java\jdk-21\bin\VCRUNTIME140.dll
0x00007ff83a290000 - 0x00007ff83a43e000 	C:\WINDOWS\System32\USER32.dll
0x00007ff838bb0000 - 0x00007ff838bd6000 	C:\WINDOWS\System32\win32u.dll
0x00007ff820fb0000 - 0x00007ff821243000 	C:\WINDOWS\WinSxS\amd64_microsoft.windows.common-controls_6595b64144ccf1df_6.0.22621.2506_none_270c5ae97388e100\COMCTL32.dll
0x00007ff83b390000 - 0x00007ff83b3b9000 	C:\WINDOWS\System32\GDI32.dll
0x00007ff838df0000 - 0x00007ff838f08000 	C:\WINDOWS\System32\gdi32full.dll
0x00007ff8394a0000 - 0x00007ff83953a000 	C:\WINDOWS\System32\msvcp_win.dll
0x00007ff832bb0000 - 0x00007ff832bba000 	C:\WINDOWS\SYSTEM32\VERSION.dll
0x00007ff83a0c0000 - 0x00007ff83a0f1000 	C:\WINDOWS\System32\IMM32.DLL
0x00007ff830b30000 - 0x00007ff830b3c000 	C:\Program Files\Java\jdk-21\bin\vcruntime140_1.dll
0x00007ff8240b0000 - 0x00007ff82413e000 	C:\Program Files\Java\jdk-21\bin\msvcp140.dll
0x00007ffff32f0000 - 0x00007ffff4005000 	C:\Program Files\Java\jdk-21\bin\server\jvm.dll
0x00007ff83b7b0000 - 0x00007ff83b821000 	C:\WINDOWS\System32\WS2_32.dll
0x00007ff838a80000 - 0x00007ff838acd000 	C:\WINDOWS\SYSTEM32\POWRPROF.dll
0x00007ff831ca0000 - 0x00007ff831cd4000 	C:\WINDOWS\SYSTEM32\WINMM.dll
0x00007ff838a60000 - 0x00007ff838a73000 	C:\WINDOWS\SYSTEM32\UMPDC.dll
0x00007ff837ba0000 - 0x00007ff837bb8000 	C:\WINDOWS\SYSTEM32\kernel.appcore.dll
0x00007ff830a60000 - 0x00007ff830a6a000 	C:\Program Files\Java\jdk-21\bin\jimage.dll
0x00007ff8364f0000 - 0x00007ff836723000 	C:\WINDOWS\SYSTEM32\DBGHELP.DLL
0x00007ff83b3c0000 - 0x00007ff83b749000 	C:\WINDOWS\System32\combase.dll
0x00007ff839fd0000 - 0x00007ff83a0a7000 	C:\WINDOWS\System32\OLEAUT32.dll
0x00007ff830600000 - 0x00007ff830632000 	C:\WINDOWS\SYSTEM32\dbgcore.DLL
0x00007ff839540000 - 0x00007ff8395ba000 	C:\WINDOWS\System32\bcryptPrimitives.dll
0x00007ff82ffd0000 - 0x00007ff82ffef000 	C:\Program Files\Java\jdk-21\bin\java.dll
0x00007ff83a830000 - 0x00007ff83b08a000 	C:\WINDOWS\System32\SHELL32.dll
0x00007ff836ab0000 - 0x00007ff8373a6000 	C:\WINDOWS\SYSTEM32\windows.storage.dll
0x00007ff836970000 - 0x00007ff836aae000 	C:\WINDOWS\SYSTEM32\wintypes.dll
0x00007ff839ec0000 - 0x00007ff839fb3000 	C:\WINDOWS\System32\SHCORE.dll
0x00007ff83b750000 - 0x00007ff83b7ae000 	C:\WINDOWS\System32\shlwapi.dll
0x00007ff838ae0000 - 0x00007ff838b06000 	C:\WINDOWS\SYSTEM32\profapi.dll
0x00007ff819df0000 - 0x00007ff819ec7000 	C:\Program Files\Java\jdk-21\bin\jsvml.dll
0x00007ff830920000 - 0x00007ff830930000 	C:\Program Files\Java\jdk-21\bin\net.dll
0x00007ff832210000 - 0x00007ff832347000 	C:\WINDOWS\SYSTEM32\WINHTTP.dll
0x00007ff838020000 - 0x00007ff838089000 	C:\WINDOWS\system32\mswsock.dll
0x00007ff82ff50000 - 0x00007ff82ff66000 	C:\Program Files\Java\jdk-21\bin\nio.dll
0x00007ff80c120000 - 0x00007ff80c2af000 	C:\Program Files\Java\jdk-21\bin\awt.dll
0x00007ff835a50000 - 0x00007ff835ae7000 	C:\WINDOWS\SYSTEM32\apphelp.dll
0x00007ff835b10000 - 0x00007ff835bbb000 	C:\WINDOWS\system32\uxtheme.dll
0x00007ff815ef0000 - 0x00007ff816029000 	C:\ProgramData\A-Volute\A-Volute.Nahimic\Modules\Scheduled\x64\AudioDevProps2.dll
0x00007ff83a440000 - 0x00007ff83a5e0000 	C:\WINDOWS\System32\ole32.dll
0x00007ff83a5e0000 - 0x00007ff83a730000 	C:\WINDOWS\System32\MSCTF.dll

dbghelp: loaded successfully - version: 4.0.5 - missing functions: none
symbol engine: initialized successfully - sym options: 0x614 - pdb path: .;C:\Program Files\Java\jdk-21\bin;C:\WINDOWS\SYSTEM32;C:\Program Files\Norton Security\NortonData\22.20.5.40\Definitions\IPSDefs\20230113.061;C:\WINDOWS\WinSxS\amd64_microsoft.windows.common-controls_6595b64144ccf1df_6.0.22621.2506_none_270c5ae97388e100;C:\Program Files\Java\jdk-21\bin\server;C:\ProgramData\A-Volute\A-Volute.Nahimic\Modules\Scheduled\x64

VM Arguments:
jvm_args: -Dfile.encoding=UTF-8 --module-path=D:\Java Code cua Manh\QLDonHang\build\classes 
java_command: qldonhang.JFKhachHang
java_class_path (initial): D:\Java Code cua Manh\QLDonHang\build\classes
Launcher Type: SUN_STANDARD

[Global flags]
     intx CICompilerCount                          = 4                                         {product} {ergonomic}
     uint ConcGCThreads                            = 3                                         {product} {ergonomic}
     uint G1ConcRefinementThreads                  = 10                                        {product} {ergonomic}
   size_t G1HeapRegionSize                         = 1048576                                   {product} {ergonomic}
    uintx GCDrainStackTargetSize                   = 64                                        {product} {ergonomic}
   size_t InitialHeapSize                          = 130023424                                 {product} {ergonomic}
   size_t MarkStackSize                            = 4194304                                   {product} {ergonomic}
   size_t MaxHeapSize                              = 2069889024                                {product} {ergonomic}
   size_t MaxNewSize                               = 1241513984                                {product} {ergonomic}
   size_t MinHeapDeltaBytes                        = 1048576                                   {product} {ergonomic}
   size_t MinHeapSize                              = 8388608                                   {product} {ergonomic}
    uintx NonNMethodCodeHeapSize                   = 5839372                                {pd product} {ergonomic}
    uintx NonProfiledCodeHeapSize                  = 122909434                              {pd product} {ergonomic}
    uintx ProfiledCodeHeapSize                     = 122909434                              {pd product} {ergonomic}
    uintx ReservedCodeCacheSize                    = 251658240                              {pd product} {ergonomic}
     bool SegmentedCodeCache                       = true                                      {product} {ergonomic}
   size_t SoftMaxHeapSize                          = 2069889024                             {manageable} {ergonomic}
     bool UseCompressedOops                        = true                           {product lp64_product} {ergonomic}
     bool UseG1GC                                  = true                                      {product} {ergonomic}
     bool UseLargePagesIndividualAllocation        = false                                  {pd product} {ergonomic}

Logging:
Log output configuration:
 #0: stdout all=warning uptime,level,tags foldmultilines=false
 #1: stderr all=off uptime,level,tags foldmultilines=false

Environment Variables:
PATH=C:\Program Files\Common Files\Oracle\Java\javapath;C:\Windows\system32;C:\Windows;C:\Windows\System32\Wbem;C:\Windows\System32\WindowsPowerShell\v1.0\;C:\Windows\System32\OpenSSH\;C:\Program Files (x86)\NVIDIA Corporation\PhysX\Common;C:\Program Files\NVIDIA Corporation\NVIDIA NvDLISR;C:\WINDOWS\system32;C:\WINDOWS;C:\WINDOWS\System32\Wbem;C:\WINDOWS\System32\WindowsPowerShell\v1.0\;C:\WINDOWS\System32\OpenSSH\;C:\Users\Quoc Manh\AppData\Local\Microsoft\WindowsApps;
USERNAME=Quoc Manh
OS=Windows_NT
PROCESSOR_IDENTIFIER=Intel64 Family 6 Model 141 Stepping 1, GenuineIntel
TMP=C:\Users\QUOCMA~1\AppData\Local\Temp
TEMP=C:\Users\QUOCMA~1\AppData\Local\Temp




Periodic native trim disabled

---------------  S Y S T E M  ---------------

OS:
 Windows 11 , 64 bit Build 22621 (10.0.22621.2506)
OS uptime: 0 days 7:37 hours
Hyper-V role detected

CPU: total 12 (initial active 12) (6 cores per cpu, 2 threads per core) family 6 model 141 stepping 1 microcode 0x26, cx8, cmov, fxsr, ht, mmx, 3dnowpref, sse, sse2, sse3, ssse3, sse4.1, sse4.2, popcnt, lzcnt, tsc, tscinvbit, avx, avx2, aes, erms, clmul, bmi1, bmi2, adx, avx512f, avx512dq, avx512cd, avx512bw, avx512vl, sha, fma, vzeroupper, avx512_vpopcntdq, avx512_vpclmulqdq, avx512_vaes, avx512_vnni, clflush, clflushopt, clwb, avx512_vbmi2, avx512_vbmi, hv, rdtscp, rdpid, fsrm, gfni, avx512_bitalg, f16c, cet_ibt, cet_ss, avx512_ifma
Processor Information for all 12 processors :
  Max Mhz: 2688, Current Mhz: 2688, Mhz Limit: 2688

Memory: 4k page, system-wide physical 7893M (905M free)
TotalPageFile size 11989M (AvailPageFile size 5M)
current process WorkingSet (physical memory assigned to process): 48M, peak: 48M
current process commit charge ("private bytes"): 215M, peak: 215M

vm_info: Java HotSpot(TM) 64-Bit Server VM (21.0.1+12-LTS-29) for windows-amd64 JRE (21.0.1+12-LTS-29), built on 2023-10-05T13:27:09Z by "mach5one" with MS VC++ 17.1 (VS2022)

END.
