#
# There is insufficient memory for the Java Runtime Environment to continue.
# Native memory allocation (mmap) failed to map 130023424 bytes for G1 virtual space
# Possible reasons:
#   The system is out of physical RAM or swap space
#   The process is running with CompressedOops enabled, and the Java Heap may be blocking the growth of the native heap
# Possible solutions:
#   Reduce memory load on the system
#   Increase physical memory or swap space
#   Check if swap backing store is full
#   Decrease Java heap size (-Xmx/-Xms)
#   Decrease number of Java threads
#   Decrease Java thread stack sizes (-Xss)
#   Set larger code cache with -XX:ReservedCodeCacheSize=
#   JVM is running with Unscaled Compressed Oops mode in which the Java heap is
#     placed in the first 4GB address space. The Java Heap base address is the
#     maximum limit for the native heap growth. Please use -XX:HeapBaseMinAddress
#     to set the Java Heap base and to place the Java Heap above 4GB virtual address.
# This output file may be truncated or incomplete.
#
#  Out of Memory Error (os_windows.cpp:3600), pid=6408, tid=14256
#
# JRE version:  (21.0.1+12) (build )
# Java VM: Java HotSpot(TM) 64-Bit Server VM (21.0.1+12-LTS-29, mixed mode, sharing, tiered, compressed oops, compressed class ptrs, g1 gc, windows-amd64)
# No core dump will be written. Minidumps are not enabled by default on client versions of Windows
#

---------------  S U M M A R Y ------------

Command Line: -Dfile.encoding=UTF-8 --module-path=D:\Java Code cua Manh\QLDonHang\build\classes qldonhang.JFKhachHang

Host: 11th Gen Intel(R) Core(TM) i5-11400H @ 2.70GHz, 12 cores, 7G,  Windows 11 , 64 bit Build 22621 (10.0.22621.2506)
Time: Tue Jan 16 20:35:38 2024 SE Asia Standard Time elapsed time: 0.056230 seconds (0d 0h 0m 0s)

---------------  T H R E A D  ---------------

Current thread (0x0000029602653790):  JavaThread "Unknown thread" [_thread_in_vm, id=14256, stack(0x000000a05f100000,0x000000a05f200000) (1024K)]

Stack: [0x000000a05f100000,0x000000a05f200000]
Native frames: (J=compiled Java code, j=interpreted, Vv=VM code, C=native code)
V  [jvm.dll+0x6c9029]
V  [jvm.dll+0x854b81]
V  [jvm.dll+0x856e5e]
V  [jvm.dll+0x857543]
V  [jvm.dll+0x280c06]
V  [jvm.dll+0x6c5715]
V  [jvm.dll+0x6ba10a]
V  [jvm.dll+0x3557ea]
V  [jvm.dll+0x35d436]
V  [jvm.dll+0x3ae1be]
V  [jvm.dll+0x3ae468]
V  [jvm.dll+0x3291fc]
V  [jvm.dll+0x329d8b]
V  [jvm.dll+0x81d179]
V  [jvm.dll+0x3bb4f1]
V  [jvm.dll+0x805ae8]
V  [jvm.dll+0x44effe]
V  [jvm.dll+0x450901]
C  [jli.dll+0x52a3]
C  [ucrtbase.dll+0x29363]
C  [KERNEL32.DLL+0x1257d]
C  [ntdll.dll+0x5aa58]


---------------  P R O C E S S  ---------------

Threads class SMR info:
_java_thread_list=0x00007ffff3eb9b88, length=0, elements={
}

Java Threads: ( => current thread )
Total: 0

Other Threads:
  0x00000296026a62e0 WorkerThread "GC Thread#0"                     [id=14384, stack(0x000000a05f200000,0x000000a05f300000) (1024K)]
  0x00000296026b6b90 ConcurrentGCThread "G1 Main Marker"            [id=14124, stack(0x000000a05f300000,0x000000a05f400000) (1024K)]
  0x00000296026b85b0 WorkerThread "G1 Conc#0"                       [id=15192, stack(0x000000a05f400000,0x000000a05f500000) (1024K)]

[error occurred during error reporting (printing all threads), id 0xc0000005, EXCEPTION_ACCESS_VIOLATION (0xc0000005) at pc=0x00007ffff362c2c7]
VM state: not at safepoint (not fully initialized)

VM Mutex/Monitor currently owned by a thread:  ([mutex/lock_event])
[0x00007ffff3f2a6f8] Heap_lock - owner thread: 0x0000029602653790

Heap address: 0x0000000084a00000, size: 1974 MB, Compressed Oops mode: 32-bit

CDS archive(s) mapped at: [0x0000000000000000-0x0000000000000000-0x0000000000000000), size 0, SharedBaseAddress: 0x0000000800000000, ArchiveRelocationMode: 1.
Narrow klass base: 0x0000000000000000, Narrow klass shift: 0, Narrow klass range: 0x0

GC Precious Log:
 CardTable entry size: 512
 Card Set container configuration: InlinePtr #cards 5 size 8 Array Of Cards #cards 12 size 40 Howl #buckets 4 coarsen threshold 1843 Howl Bitmap #cards 512 size 80 coarsen threshold 460 Card regions per heap region 1 cards per card region 2048

Heap:
 garbage-first heap   total 0K, used 0K [0x0000000084a00000, 0x0000000100000000)
  region size 1024K, 0 young (0K), 0 survivors (0K)

[error occurred during error reporting (printing heap information), id 0xc0000005, EXCEPTION_ACCESS_VIOLATION (0xc0000005) at pc=0x00007ffff3a11be9]
GC Heap History (0 events):
No events

Dll operation events (1 events):
Event: 0.047 Loaded shared library C:\Program Files\Java\jdk-21\bin\java.dll

Deoptimization events (0 events):
No events

Classes loaded (0 events):
No events

Classes unloaded (0 events):
No events

Classes redefined (0 events):
No events

Internal exceptions (0 events):
No events

ZGC Phase Switch (0 events):
No events

VM Operations (0 events):
No events

Events (0 events):
No events


Dynamic libraries:
0x00007ff7e3970000 - 0x00007ff7e3980000 	C:\Program Files\Java\jdk-21\bin\java.exe
0x00007ff83b870000 - 0x00007ff83ba87000 	C:\WINDOWS\SYSTEM32\ntdll.dll
0x00007ff83a1c0000 - 0x00007ff83a284000 	C:\WINDOWS\System32\KERNEL32.DLL
0x00007ff8390f0000 - 0x00007ff839496000 	C:\WINDOWS\System32\KERNELBASE.dll
0x0000000073240000 - 0x0000000073570000 	C:\Program Files\Norton Security\NortonData\22.20.5.40\Definitions\IPSDefs\20230113.061\IPSEng64.dll
0x00007ff83a100000 - 0x00007ff83a1b3000 	C:\WINDOWS\System32\ADVAPI32.dll
0x00007ff839d10000 - 0x00007ff839db7000 	C:\WINDOWS\System32\msvcrt.dll
0x00007ff839e10000 - 0x00007ff839eb8000 	C:\WINDOWS\System32\sechost.dll
0x00007ff838ca0000 - 0x00007ff838cc8000 	C:\WINDOWS\System32\bcrypt.dll
0x00007ff839bf0000 - 0x00007ff839d07000 	C:\WINDOWS\System32\RPCRT4.dll
0x00007ff83b270000 - 0x00007ff83b278000 	C:\WINDOWS\System32\PSAPI.DLL
0x00007ff838cd0000 - 0x00007ff838de1000 	C:\WINDOWS\System32\ucrtbase.dll
0x00007ff832fb0000 - 0x00007ff832fcb000 	C:\Program Files\Java\jdk-21\bin\VCRUNTIME140.dll
0x00007ff82f5d0000 - 0x00007ff82f5e9000 	C:\Program Files\Java\jdk-21\bin\jli.dll
0x00007ff83a290000 - 0x00007ff83a43e000 	C:\WINDOWS\System32\USER32.dll
0x00007ff820fb0000 - 0x00007ff821243000 	C:\WINDOWS\WinSxS\amd64_microsoft.windows.common-controls_6595b64144ccf1df_6.0.22621.2506_none_270c5ae97388e100\COMCTL32.dll
0x00007ff838bb0000 - 0x00007ff838bd6000 	C:\WINDOWS\System32\win32u.dll
0x00007ff83b390000 - 0x00007ff83b3b9000 	C:\WINDOWS\System32\GDI32.dll
0x00007ff838df0000 - 0x00007ff838f08000 	C:\WINDOWS\System32\gdi32full.dll
0x00007ff8394a0000 - 0x00007ff83953a000 	C:\WINDOWS\System32\msvcp_win.dll
0x00007ff832bb0000 - 0x00007ff832bba000 	C:\WINDOWS\SYSTEM32\VERSION.dll
0x00007ff83a0c0000 - 0x00007ff83a0f1000 	C:\WINDOWS\System32\IMM32.DLL
0x00007ff830b30000 - 0x00007ff830b3c000 	C:\Program Files\Java\jdk-21\bin\vcruntime140_1.dll
0x00007ff8240b0000 - 0x00007ff82413e000 	C:\Program Files\Java\jdk-21\bin\msvcp140.dll
0x00007ffff32f0000 - 0x00007ffff4005000 	C:\Program Files\Java\jdk-21\bin\server\jvm.dll
0x00007ff83b7b0000 - 0x00007ff83b821000 	C:\WINDOWS\System32\WS2_32.dll
0x00007ff838a80000 - 0x00007ff838acd000 	C:\WINDOWS\SYSTEM32\POWRPROF.dll
0x00007ff831ca0000 - 0x00007ff831cd4000 	C:\WINDOWS\SYSTEM32\WINMM.dll
0x00007ff838a60000 - 0x00007ff838a73000 	C:\WINDOWS\SYSTEM32\UMPDC.dll
0x00007ff837ba0000 - 0x00007ff837bb8000 	C:\WINDOWS\SYSTEM32\kernel.appcore.dll
0x00007ff830a60000 - 0x00007ff830a6a000 	C:\Program Files\Java\jdk-21\bin\jimage.dll
0x00007ff8364f0000 - 0x00007ff836723000 	C:\WINDOWS\SYSTEM32\DBGHELP.DLL
0x00007ff83b3c0000 - 0x00007ff83b749000 	C:\WINDOWS\System32\combase.dll
0x00007ff839fd0000 - 0x00007ff83a0a7000 	C:\WINDOWS\System32\OLEAUT32.dll
0x00007ff830600000 - 0x00007ff830632000 	C:\WINDOWS\SYSTEM32\dbgcore.DLL
0x00007ff839540000 - 0x00007ff8395ba000 	C:\WINDOWS\System32\bcryptPrimitives.dll
0x00007ff82ffd0000 - 0x00007ff82ffef000 	C:\Program Files\Java\jdk-21\bin\java.dll

dbghelp: loaded successfully - version: 4.0.5 - missing functions: none
symbol engine: initialized successfully - sym options: 0x614 - pdb path: .;C:\Program Files\Java\jdk-21\bin;C:\WINDOWS\SYSTEM32;C:\Program Files\Norton Security\NortonData\22.20.5.40\Definitions\IPSDefs\20230113.061;C:\WINDOWS\WinSxS\amd64_microsoft.windows.common-controls_6595b64144ccf1df_6.0.22621.2506_none_270c5ae97388e100;C:\Program Files\Java\jdk-21\bin\server

VM Arguments:
jvm_args: -Dfile.encoding=UTF-8 --module-path=D:\Java Code cua Manh\QLDonHang\build\classes 
java_command: qldonhang.JFKhachHang
java_class_path (initial): D:\Java Code cua Manh\QLDonHang\build\classes
Launcher Type: SUN_STANDARD

[Global flags]
     intx CICompilerCount                          = 4                                         {product} {ergonomic}
     uint ConcGCThreads                            = 3                                         {product} {ergonomic}
     uint G1ConcRefinementThreads                  = 10                                        {product} {ergonomic}
   size_t G1HeapRegionSize                         = 1048576                                   {product} {ergonomic}
    uintx GCDrainStackTargetSize                   = 64                                        {product} {ergonomic}
   size_t InitialHeapSize                          = 130023424                                 {product} {ergonomic}
   size_t MarkStackSize                            = 4194304                                   {product} {ergonomic}
   size_t MaxHeapSize                              = 2069889024                                {product} {ergonomic}
   size_t MinHeapDeltaBytes                        = 1048576                                   {product} {ergonomic}
   size_t MinHeapSize                              = 8388608                                   {product} {ergonomic}
    uintx NonNMethodCodeHeapSize                   = 5839372                                {pd product} {ergonomic}
    uintx NonProfiledCodeHeapSize                  = 122909434                              {pd product} {ergonomic}
    uintx ProfiledCodeHeapSize                     = 122909434                              {pd product} {ergonomic}
    uintx ReservedCodeCacheSize                    = 251658240                              {pd product} {ergonomic}
     bool SegmentedCodeCache                       = true                                      {product} {ergonomic}
   size_t SoftMaxHeapSize                          = 2069889024                             {manageable} {ergonomic}
     bool UseCompressedOops                        = true                           {product lp64_product} {ergonomic}
     bool UseG1GC                                  = true                                      {product} {ergonomic}
     bool UseLargePagesIndividualAllocation        = false                                  {pd product} {ergonomic}

Logging:
Log output configuration:
 #0: stdout all=warning uptime,level,tags foldmultilines=false
 #1: stderr all=off uptime,level,tags foldmultilines=false

Environment Variables:
PATH=C:\Program Files\Common Files\Oracle\Java\javapath;C:\Windows\system32;C:\Windows;C:\Windows\System32\Wbem;C:\Windows\System32\WindowsPowerShell\v1.0\;C:\Windows\System32\OpenSSH\;C:\Program Files (x86)\NVIDIA Corporation\PhysX\Common;C:\Program Files\NVIDIA Corporation\NVIDIA NvDLISR;C:\WINDOWS\system32;C:\WINDOWS;C:\WINDOWS\System32\Wbem;C:\WINDOWS\System32\WindowsPowerShell\v1.0\;C:\WINDOWS\System32\OpenSSH\;C:\Users\Quoc Manh\AppData\Local\Microsoft\WindowsApps;
USERNAME=Quoc Manh
OS=Windows_NT
PROCESSOR_IDENTIFIER=Intel64 Family 6 Model 141 Stepping 1, GenuineIntel
TMP=C:\Users\QUOCMA~1\AppData\Local\Temp
TEMP=C:\Users\QUOCMA~1\AppData\Local\Temp




Periodic native trim disabled

---------------  S Y S T E M  ---------------

OS:
 Windows 11 , 64 bit Build 22621 (10.0.22621.2506)
OS uptime: 0 days 7:37 hours
Hyper-V role detected

CPU: total 12 (initial active 12) (6 cores per cpu, 2 threads per core) family 6 model 141 stepping 1 microcode 0x26, cx8, cmov, fxsr, ht, mmx, 3dnowpref, sse, sse2, sse3, ssse3, sse4.1, sse4.2, popcnt, lzcnt, tsc, tscinvbit, avx, avx2, aes, erms, clmul, bmi1, bmi2, adx, avx512f, avx512dq, avx512cd, avx512bw, avx512vl, sha, fma, vzeroupper, avx512_vpopcntdq, avx512_vpclmulqdq, avx512_vaes, avx512_vnni, clflush, clflushopt, clwb, avx512_vbmi2, avx512_vbmi, hv, rdtscp, rdpid, fsrm, gfni, avx512_bitalg, f16c, cet_ibt, cet_ss, avx512_ifma
Processor Information for all 12 processors :
  Max Mhz: 2688, Current Mhz: 2688, Mhz Limit: 2688

Memory: 4k page, system-wide physical 7893M (821M free)
TotalPageFile size 11989M (AvailPageFile size 14M)
current process WorkingSet (physical memory assigned to process): 12M, peak: 12M
current process commit charge ("private bytes"): 65M, peak: 189M

vm_info: Java HotSpot(TM) 64-Bit Server VM (21.0.1+12-LTS-29) for windows-amd64 JRE (21.0.1+12-LTS-29), built on 2023-10-05T13:27:09Z by "mach5one" with MS VC++ 17.1 (VS2022)

END.
