#
# There is insufficient memory for the Java Runtime Environment to continue.
# Native memory allocation (malloc) failed to allocate 157136 bytes for Chunk::new
# Possible reasons:
#   The system is out of physical RAM or swap space
#   The process is running with CompressedOops enabled, and the Java Heap may be blocking the growth of the native heap
# Possible solutions:
#   Reduce memory load on the system
#   Increase physical memory or swap space
#   Check if swap backing store is full
#   Decrease Java heap size (-Xmx/-Xms)
#   Decrease number of Java threads
#   Decrease Java thread stack sizes (-Xss)
#   Set larger code cache with -XX:ReservedCodeCacheSize=
#   JVM is running with Unscaled Compressed Oops mode in which the Java heap is
#     placed in the first 4GB address space. The Java Heap base address is the
#     maximum limit for the native heap growth. Please use -XX:HeapBaseMinAddress
#     to set the Java Heap base and to place the Java Heap above 4GB virtual address.
# This output file may be truncated or incomplete.
#
#  Out of Memory Error (arena.cpp:168), pid=11496, tid=17212
#
# JRE version: Java(TM) SE Runtime Environment (21.0.1+12) (build 21.0.1+12-LTS-29)
# Java VM: Java HotSpot(TM) 64-Bit Server VM (21.0.1+12-LTS-29, mixed mode, sharing, tiered, compressed oops, compressed class ptrs, g1 gc, windows-amd64)
# No core dump will be written. Minidumps are not enabled by default on client versions of Windows
#

---------------  S U M M A R Y ------------

Command Line: -Dfile.encoding=UTF-8 --module-path=D:\Java Code cua Manh\QLDonHang\build\classes qldonhang.HeThongMain

Host: 11th Gen Intel(R) Core(TM) i5-11400H @ 2.70GHz, 12 cores, 7G,  Windows 11 , 64 bit Build 22621 (10.0.22621.2506)
Time: Thu Jan 18 21:26:19 2024 SE Asia Standard Time elapsed time: 396.775941 seconds (0d 0h 6m 36s)

---------------  T H R E A D  ---------------

Current thread (0x000001def872aaf0):  JavaThread "C2 CompilerThread0" daemon [_thread_in_native, id=17212, stack(0x0000002312100000,0x0000002312200000) (1024K)]


Current CompileTask:
C2: 396776 2953       4       sun.java2d.SunGraphics2D::clipRect (17 bytes)

Stack: [0x0000002312100000,0x0000002312200000]
Native frames: (J=compiled Java code, j=interpreted, Vv=VM code, C=native code)
V  [jvm.dll+0x6c9029]
V  [jvm.dll+0x854b81]
V  [jvm.dll+0x856e5e]
V  [jvm.dll+0x857543]
V  [jvm.dll+0x280c06]
V  [jvm.dll+0xc3ead]
V  [jvm.dll+0xc43c3]
V  [jvm.dll+0x2f3f3f]
V  [jvm.dll+0x5f40a6]
V  [jvm.dll+0x252bef]
V  [jvm.dll+0x24b323]
V  [jvm.dll+0x248fa3]
V  [jvm.dll+0x1c9ca1]
V  [jvm.dll+0x2586b9]
V  [jvm.dll+0x256c9a]
V  [jvm.dll+0x3ef1b6]
V  [jvm.dll+0x7fd728]
V  [jvm.dll+0x6c777d]
C  [ucrtbase.dll+0x29363]
C  [KERNEL32.DLL+0x1257d]
C  [ntdll.dll+0x5aa58]


---------------  P R O C E S S  ---------------

Threads class SMR info:
_java_thread_list=0x000001defdea4420, length=17, elements={
0x000001def87160b0, 0x000001def8716b10, 0x000001def871cf60, 0x000001def871daf0,
0x000001def871ea90, 0x000001def8728c20, 0x000001def872aaf0, 0x000001def8730bd0,
0x000001def87fd7b0, 0x000001def88f2f50, 0x000001def8a7b000, 0x000001def8a7cab0,
0x000001def8a7fd50, 0x000001defda2d800, 0x000001dee8630560, 0x000001defdf17f40,
0x000001ded0db25e0
}

Java Threads: ( => current thread )
  0x000001def87160b0 JavaThread "Reference Handler"          daemon [_thread_blocked, id=17168, stack(0x0000002311b00000,0x0000002311c00000) (1024K)]
  0x000001def8716b10 JavaThread "Finalizer"                  daemon [_thread_blocked, id=13884, stack(0x0000002311c00000,0x0000002311d00000) (1024K)]
  0x000001def871cf60 JavaThread "Signal Dispatcher"          daemon [_thread_blocked, id=18412, stack(0x0000002311d00000,0x0000002311e00000) (1024K)]
  0x000001def871daf0 JavaThread "Attach Listener"            daemon [_thread_blocked, id=19808, stack(0x0000002311e00000,0x0000002311f00000) (1024K)]
  0x000001def871ea90 JavaThread "Service Thread"             daemon [_thread_blocked, id=1136, stack(0x0000002311f00000,0x0000002312000000) (1024K)]
  0x000001def8728c20 JavaThread "Monitor Deflation Thread"   daemon [_thread_blocked, id=12552, stack(0x0000002312000000,0x0000002312100000) (1024K)]
=>0x000001def872aaf0 JavaThread "C2 CompilerThread0"         daemon [_thread_in_native, id=17212, stack(0x0000002312100000,0x0000002312200000) (1024K)]
  0x000001def8730bd0 JavaThread "C1 CompilerThread0"         daemon [_thread_in_native, id=1116, stack(0x0000002312200000,0x0000002312300000) (1024K)]
  0x000001def87fd7b0 JavaThread "Common-Cleaner"             daemon [_thread_blocked, id=12612, stack(0x0000002312300000,0x0000002312400000) (1024K)]
  0x000001def88f2f50 JavaThread "Notification Thread"        daemon [_thread_blocked, id=3916, stack(0x0000002312400000,0x0000002312500000) (1024K)]
  0x000001def8a7b000 JavaThread "Java2D Disposer"            daemon [_thread_blocked, id=9428, stack(0x0000002312500000,0x0000002312600000) (1024K)]
  0x000001def8a7cab0 JavaThread "AWT-Shutdown"                      [_thread_blocked, id=11236, stack(0x0000002312600000,0x0000002312700000) (1024K)]
  0x000001def8a7fd50 JavaThread "AWT-Windows"                daemon [_thread_in_native, id=19028, stack(0x0000002312700000,0x0000002312800000) (1024K)]
  0x000001defda2d800 JavaThread "AWT-EventQueue-0"                  [_thread_blocked, id=11556, stack(0x0000002312800000,0x0000002312900000) (1024K)]
  0x000001dee8630560 JavaThread "DestroyJavaVM"                     [_thread_blocked, id=14448, stack(0x0000002311300000,0x0000002311400000) (1024K)]
  0x000001defdf17f40 JavaThread "TimerQueue"                 daemon [_thread_blocked, id=12728, stack(0x0000002312b00000,0x0000002312c00000) (1024K)]
  0x000001ded0db25e0 JavaThread "C2 CompilerThread1"         daemon [_thread_blocked, id=13956, stack(0x0000002311100000,0x0000002311200000) (1024K)]
Total: 17

Other Threads:
  0x000001def82c43d0 VMThread "VM Thread"                           [id=9708, stack(0x0000002311a00000,0x0000002311b00000) (1024K)]
  0x000001def82abc70 WatcherThread "VM Periodic Task Thread"        [id=11688, stack(0x0000002311900000,0x0000002311a00000) (1024K)]
  0x000001deea9a7280 WorkerThread "GC Thread#0"                     [id=11992, stack(0x0000002311400000,0x0000002311500000) (1024K)]
  0x000001deff4fb290 WorkerThread "GC Thread#1"                     [id=3768, stack(0x0000002313000000,0x0000002313100000) (1024K)]
  0x000001defdfccfa0 WorkerThread "GC Thread#2"                     [id=14204, stack(0x0000002313100000,0x0000002313200000) (1024K)]
  0x000001defeb78f50 WorkerThread "GC Thread#3"                     [id=1744, stack(0x0000002313200000,0x0000002313300000) (1024K)]
  0x000001deff560920 WorkerThread "GC Thread#4"                     [id=14000, stack(0x0000002313300000,0x0000002313400000) (1024K)]
  0x000001deff77b290 WorkerThread "GC Thread#5"                     [id=6564, stack(0x0000002313400000,0x0000002313500000) (1024K)]
  0x000001deff9fa5a0 WorkerThread "GC Thread#6"                     [id=15344, stack(0x0000002313500000,0x0000002313600000) (1024K)]
  0x000001deff9fbfc0 WorkerThread "GC Thread#7"                     [id=15980, stack(0x0000002313600000,0x0000002313700000) (1024K)]
  0x000001deff9fc360 WorkerThread "GC Thread#8"                     [id=13836, stack(0x0000002313700000,0x0000002313800000) (1024K)]
  0x000001deff9fb140 WorkerThread "GC Thread#9"                     [id=14064, stack(0x0000002313800000,0x0000002313900000) (1024K)]
  0x000001dee8602380 ConcurrentGCThread "G1 Main Marker"            [id=9904, stack(0x0000002311500000,0x0000002311600000) (1024K)]
  0x000001deea9b8870 WorkerThread "G1 Conc#0"                       [id=15636, stack(0x0000002311600000,0x0000002311700000) (1024K)]
  0x000001def8180eb0 ConcurrentGCThread "G1 Refine#0"               [id=17580, stack(0x0000002311700000,0x0000002311800000) (1024K)]
  0x000001def8181a20 ConcurrentGCThread "G1 Service"                [id=1156, stack(0x0000002311800000,0x0000002311900000) (1024K)]
Total: 16

Threads with active compile tasks:
C2 CompilerThread0   396830 2953       4       sun.java2d.SunGraphics2D::clipRect (17 bytes)
C1 CompilerThread0   396830 2979       3       java.awt.Component::isMixingNeeded (177 bytes)
Total: 2

VM state: not at safepoint (normal execution)

VM Mutex/Monitor currently owned by a thread: None

Heap address: 0x0000000084a00000, size: 1974 MB, Compressed Oops mode: 32-bit

CDS archive(s) mapped at: [0x000001de8f000000-0x000001de8fc90000-0x000001de8fc90000), size 13172736, SharedBaseAddress: 0x000001de8f000000, ArchiveRelocationMode: 1.
Compressed class space mapped at: 0x000001de90000000-0x000001ded0000000, reserved size: 1073741824
Narrow klass base: 0x000001de8f000000, Narrow klass shift: 0, Narrow klass range: 0x100000000

GC Precious Log:
 CardTable entry size: 512
 Card Set container configuration: InlinePtr #cards 5 size 8 Array Of Cards #cards 12 size 40 Howl #buckets 4 coarsen threshold 1843 Howl Bitmap #cards 512 size 80 coarsen threshold 460 Card regions per heap region 1 cards per card region 2048
 CPUs: 12 total, 12 available
 Memory: 7893M
 Large Page Support: Disabled
 NUMA Support: Disabled
 Compressed Oops: Enabled (32-bit)
 Heap Region Size: 1M
 Heap Min Capacity: 8M
 Heap Initial Capacity: 124M
 Heap Max Capacity: 1974M
 Pre-touch: Disabled
 Parallel Workers: 10
 Concurrent Workers: 3
 Concurrent Refinement Workers: 10
 Periodic GC: Disabled

Heap:
 garbage-first heap   total 126976K, used 35522K [0x0000000084a00000, 0x0000000100000000)
  region size 1024K, 26 young (26624K), 1 survivors (1024K)
 Metaspace       used 13119K, committed 13376K, reserved 1114112K
  class space    used 1436K, committed 1536K, reserved 1048576K

Heap Regions: E=young(eden), S=young(survivor), O=old, HS=humongous(starts), HC=humongous(continues), CS=collection set, F=free, TAMS=top-at-mark-start, PB=parsable bottom
|   0|0x0000000084a00000, 0x0000000084b00000, 0x0000000084b00000|100%|HS|  |TAMS 0x0000000084a00000| PB 0x0000000084a00000| Complete 
|   1|0x0000000084b00000, 0x0000000084c00000, 0x0000000084c00000|100%|HC|  |TAMS 0x0000000084b00000| PB 0x0000000084b00000| Complete 
|   2|0x0000000084c00000, 0x0000000084d00000, 0x0000000084d00000|100%|HC|  |TAMS 0x0000000084c00000| PB 0x0000000084c00000| Complete 
|   3|0x0000000084d00000, 0x0000000084e00000, 0x0000000084e00000|100%|HC|  |TAMS 0x0000000084d00000| PB 0x0000000084d00000| Complete 
|   4|0x0000000084e00000, 0x0000000084f00000, 0x0000000084f00000|100%|HC|  |TAMS 0x0000000084e00000| PB 0x0000000084e00000| Complete 
|   5|0x0000000084f00000, 0x0000000085000000, 0x0000000085000000|100%|HC|  |TAMS 0x0000000084f00000| PB 0x0000000084f00000| Complete 
|   6|0x0000000085000000, 0x0000000085100000, 0x0000000085100000|100%| O|  |TAMS 0x0000000085000000| PB 0x0000000085000000| Untracked 
|   7|0x0000000085100000, 0x0000000085200000, 0x0000000085200000|100%| O|  |TAMS 0x0000000085100000| PB 0x0000000085100000| Untracked 
|   8|0x0000000085200000, 0x0000000085300000, 0x0000000085300000|100%| O|  |TAMS 0x0000000085200000| PB 0x0000000085200000| Untracked 
|   9|0x0000000085300000, 0x0000000085400000, 0x0000000085400000|100%| O|  |TAMS 0x0000000085300000| PB 0x0000000085300000| Untracked 
|  10|0x0000000085400000, 0x0000000085473f38, 0x0000000085500000| 45%| O|  |TAMS 0x0000000085400000| PB 0x0000000085400000| Untracked 
|  11|0x0000000085500000, 0x0000000085500000, 0x0000000085600000|  0%| F|  |TAMS 0x0000000085500000| PB 0x0000000085500000| Untracked 
|  12|0x0000000085600000, 0x0000000085600000, 0x0000000085700000|  0%| F|  |TAMS 0x0000000085600000| PB 0x0000000085600000| Untracked 
|  13|0x0000000085700000, 0x0000000085700000, 0x0000000085800000|  0%| F|  |TAMS 0x0000000085700000| PB 0x0000000085700000| Untracked 
|  14|0x0000000085800000, 0x0000000085800000, 0x0000000085900000|  0%| F|  |TAMS 0x0000000085800000| PB 0x0000000085800000| Untracked 
|  15|0x0000000085900000, 0x0000000085900000, 0x0000000085a00000|  0%| F|  |TAMS 0x0000000085900000| PB 0x0000000085900000| Untracked 
|  16|0x0000000085a00000, 0x0000000085a00000, 0x0000000085b00000|  0%| F|  |TAMS 0x0000000085a00000| PB 0x0000000085a00000| Untracked 
|  17|0x0000000085b00000, 0x0000000085b00000, 0x0000000085c00000|  0%| F|  |TAMS 0x0000000085b00000| PB 0x0000000085b00000| Untracked 
|  18|0x0000000085c00000, 0x0000000085c00000, 0x0000000085d00000|  0%| F|  |TAMS 0x0000000085c00000| PB 0x0000000085c00000| Untracked 
|  19|0x0000000085d00000, 0x0000000085d00000, 0x0000000085e00000|  0%| F|  |TAMS 0x0000000085d00000| PB 0x0000000085d00000| Untracked 
|  20|0x0000000085e00000, 0x0000000085e00000, 0x0000000085f00000|  0%| F|  |TAMS 0x0000000085e00000| PB 0x0000000085e00000| Untracked 
|  21|0x0000000085f00000, 0x0000000085f00000, 0x0000000086000000|  0%| F|  |TAMS 0x0000000085f00000| PB 0x0000000085f00000| Untracked 
|  22|0x0000000086000000, 0x0000000086000000, 0x0000000086100000|  0%| F|  |TAMS 0x0000000086000000| PB 0x0000000086000000| Untracked 
|  23|0x0000000086100000, 0x0000000086100000, 0x0000000086200000|  0%| F|  |TAMS 0x0000000086100000| PB 0x0000000086100000| Untracked 
|  24|0x0000000086200000, 0x0000000086200000, 0x0000000086300000|  0%| F|  |TAMS 0x0000000086200000| PB 0x0000000086200000| Untracked 
|  25|0x0000000086300000, 0x0000000086300000, 0x0000000086400000|  0%| F|  |TAMS 0x0000000086300000| PB 0x0000000086300000| Untracked 
|  26|0x0000000086400000, 0x0000000086400000, 0x0000000086500000|  0%| F|  |TAMS 0x0000000086400000| PB 0x0000000086400000| Untracked 
|  27|0x0000000086500000, 0x0000000086500000, 0x0000000086600000|  0%| F|  |TAMS 0x0000000086500000| PB 0x0000000086500000| Untracked 
|  28|0x0000000086600000, 0x0000000086600000, 0x0000000086700000|  0%| F|  |TAMS 0x0000000086600000| PB 0x0000000086600000| Untracked 
|  29|0x0000000086700000, 0x0000000086700000, 0x0000000086800000|  0%| F|  |TAMS 0x0000000086700000| PB 0x0000000086700000| Untracked 
|  30|0x0000000086800000, 0x0000000086800000, 0x0000000086900000|  0%| F|  |TAMS 0x0000000086800000| PB 0x0000000086800000| Untracked 
|  31|0x0000000086900000, 0x0000000086900000, 0x0000000086a00000|  0%| F|  |TAMS 0x0000000086900000| PB 0x0000000086900000| Untracked 
|  32|0x0000000086a00000, 0x0000000086a00000, 0x0000000086b00000|  0%| F|  |TAMS 0x0000000086a00000| PB 0x0000000086a00000| Untracked 
|  33|0x0000000086b00000, 0x0000000086b00000, 0x0000000086c00000|  0%| F|  |TAMS 0x0000000086b00000| PB 0x0000000086b00000| Untracked 
|  34|0x0000000086c00000, 0x0000000086c00000, 0x0000000086d00000|  0%| F|  |TAMS 0x0000000086c00000| PB 0x0000000086c00000| Untracked 
|  35|0x0000000086d00000, 0x0000000086d00000, 0x0000000086e00000|  0%| F|  |TAMS 0x0000000086d00000| PB 0x0000000086d00000| Untracked 
|  36|0x0000000086e00000, 0x0000000086e00000, 0x0000000086f00000|  0%| F|  |TAMS 0x0000000086e00000| PB 0x0000000086e00000| Untracked 
|  37|0x0000000086f00000, 0x0000000086f00000, 0x0000000087000000|  0%| F|  |TAMS 0x0000000086f00000| PB 0x0000000086f00000| Untracked 
|  38|0x0000000087000000, 0x0000000087000000, 0x0000000087100000|  0%| F|  |TAMS 0x0000000087000000| PB 0x0000000087000000| Untracked 
|  39|0x0000000087100000, 0x0000000087100000, 0x0000000087200000|  0%| F|  |TAMS 0x0000000087100000| PB 0x0000000087100000| Untracked 
|  40|0x0000000087200000, 0x0000000087200000, 0x0000000087300000|  0%| F|  |TAMS 0x0000000087200000| PB 0x0000000087200000| Untracked 
|  41|0x0000000087300000, 0x0000000087300000, 0x0000000087400000|  0%| F|  |TAMS 0x0000000087300000| PB 0x0000000087300000| Untracked 
|  42|0x0000000087400000, 0x0000000087400000, 0x0000000087500000|  0%| F|  |TAMS 0x0000000087400000| PB 0x0000000087400000| Untracked 
|  43|0x0000000087500000, 0x0000000087500000, 0x0000000087600000|  0%| F|  |TAMS 0x0000000087500000| PB 0x0000000087500000| Untracked 
|  44|0x0000000087600000, 0x0000000087600000, 0x0000000087700000|  0%| F|  |TAMS 0x0000000087600000| PB 0x0000000087600000| Untracked 
|  45|0x0000000087700000, 0x0000000087700000, 0x0000000087800000|  0%| F|  |TAMS 0x0000000087700000| PB 0x0000000087700000| Untracked 
|  46|0x0000000087800000, 0x0000000087800000, 0x0000000087900000|  0%| F|  |TAMS 0x0000000087800000| PB 0x0000000087800000| Untracked 
|  47|0x0000000087900000, 0x0000000087900000, 0x0000000087a00000|  0%| F|  |TAMS 0x0000000087900000| PB 0x0000000087900000| Untracked 
|  48|0x0000000087a00000, 0x0000000087a00000, 0x0000000087b00000|  0%| F|  |TAMS 0x0000000087a00000| PB 0x0000000087a00000| Untracked 
|  49|0x0000000087b00000, 0x0000000087b3c9a8, 0x0000000087c00000| 23%| S|CS|TAMS 0x0000000087b00000| PB 0x0000000087b00000| Complete 
|  50|0x0000000087c00000, 0x0000000087c00000, 0x0000000087d00000|  0%| F|  |TAMS 0x0000000087c00000| PB 0x0000000087c00000| Untracked 
|  51|0x0000000087d00000, 0x0000000087d00000, 0x0000000087e00000|  0%| F|  |TAMS 0x0000000087d00000| PB 0x0000000087d00000| Untracked 
|  52|0x0000000087e00000, 0x0000000087e00000, 0x0000000087f00000|  0%| F|  |TAMS 0x0000000087e00000| PB 0x0000000087e00000| Untracked 
|  53|0x0000000087f00000, 0x0000000087f00000, 0x0000000088000000|  0%| F|  |TAMS 0x0000000087f00000| PB 0x0000000087f00000| Untracked 
|  54|0x0000000088000000, 0x0000000088000000, 0x0000000088100000|  0%| F|  |TAMS 0x0000000088000000| PB 0x0000000088000000| Untracked 
|  55|0x0000000088100000, 0x0000000088100000, 0x0000000088200000|  0%| F|  |TAMS 0x0000000088100000| PB 0x0000000088100000| Untracked 
|  56|0x0000000088200000, 0x0000000088200000, 0x0000000088300000|  0%| F|  |TAMS 0x0000000088200000| PB 0x0000000088200000| Untracked 
|  57|0x0000000088300000, 0x0000000088300000, 0x0000000088400000|  0%| F|  |TAMS 0x0000000088300000| PB 0x0000000088300000| Untracked 
|  58|0x0000000088400000, 0x0000000088400000, 0x0000000088500000|  0%| F|  |TAMS 0x0000000088400000| PB 0x0000000088400000| Untracked 
|  59|0x0000000088500000, 0x0000000088500000, 0x0000000088600000|  0%| F|  |TAMS 0x0000000088500000| PB 0x0000000088500000| Untracked 
|  60|0x0000000088600000, 0x0000000088600000, 0x0000000088700000|  0%| F|  |TAMS 0x0000000088600000| PB 0x0000000088600000| Untracked 
|  61|0x0000000088700000, 0x0000000088700000, 0x0000000088800000|  0%| F|  |TAMS 0x0000000088700000| PB 0x0000000088700000| Untracked 
|  62|0x0000000088800000, 0x0000000088800000, 0x0000000088900000|  0%| F|  |TAMS 0x0000000088800000| PB 0x0000000088800000| Untracked 
|  63|0x0000000088900000, 0x0000000088900000, 0x0000000088a00000|  0%| F|  |TAMS 0x0000000088900000| PB 0x0000000088900000| Untracked 
|  64|0x0000000088a00000, 0x0000000088a00000, 0x0000000088b00000|  0%| F|  |TAMS 0x0000000088a00000| PB 0x0000000088a00000| Untracked 
|  65|0x0000000088b00000, 0x0000000088b00000, 0x0000000088c00000|  0%| F|  |TAMS 0x0000000088b00000| PB 0x0000000088b00000| Untracked 
|  66|0x0000000088c00000, 0x0000000088c00000, 0x0000000088d00000|  0%| F|  |TAMS 0x0000000088c00000| PB 0x0000000088c00000| Untracked 
|  67|0x0000000088d00000, 0x0000000088d00000, 0x0000000088e00000|  0%| F|  |TAMS 0x0000000088d00000| PB 0x0000000088d00000| Untracked 
|  68|0x0000000088e00000, 0x0000000088e00000, 0x0000000088f00000|  0%| F|  |TAMS 0x0000000088e00000| PB 0x0000000088e00000| Untracked 
|  69|0x0000000088f00000, 0x0000000088f00000, 0x0000000089000000|  0%| F|  |TAMS 0x0000000088f00000| PB 0x0000000088f00000| Untracked 
|  70|0x0000000089000000, 0x0000000089000000, 0x0000000089100000|  0%| F|  |TAMS 0x0000000089000000| PB 0x0000000089000000| Untracked 
|  71|0x0000000089100000, 0x0000000089100000, 0x0000000089200000|  0%| F|  |TAMS 0x0000000089100000| PB 0x0000000089100000| Untracked 
|  72|0x0000000089200000, 0x0000000089200000, 0x0000000089300000|  0%| F|  |TAMS 0x0000000089200000| PB 0x0000000089200000| Untracked 
|  73|0x0000000089300000, 0x0000000089300000, 0x0000000089400000|  0%| F|  |TAMS 0x0000000089300000| PB 0x0000000089300000| Untracked 
|  74|0x0000000089400000, 0x0000000089400000, 0x0000000089500000|  0%| F|  |TAMS 0x0000000089400000| PB 0x0000000089400000| Untracked 
|  75|0x0000000089500000, 0x0000000089500000, 0x0000000089600000|  0%| F|  |TAMS 0x0000000089500000| PB 0x0000000089500000| Untracked 
|  76|0x0000000089600000, 0x0000000089600000, 0x0000000089700000|  0%| F|  |TAMS 0x0000000089600000| PB 0x0000000089600000| Untracked 
|  77|0x0000000089700000, 0x0000000089700000, 0x0000000089800000|  0%| F|  |TAMS 0x0000000089700000| PB 0x0000000089700000| Untracked 
|  78|0x0000000089800000, 0x0000000089800000, 0x0000000089900000|  0%| F|  |TAMS 0x0000000089800000| PB 0x0000000089800000| Untracked 
|  79|0x0000000089900000, 0x0000000089900000, 0x0000000089a00000|  0%| F|  |TAMS 0x0000000089900000| PB 0x0000000089900000| Untracked 
|  80|0x0000000089a00000, 0x0000000089a00000, 0x0000000089b00000|  0%| F|  |TAMS 0x0000000089a00000| PB 0x0000000089a00000| Untracked 
|  81|0x0000000089b00000, 0x0000000089b00000, 0x0000000089c00000|  0%| F|  |TAMS 0x0000000089b00000| PB 0x0000000089b00000| Untracked 
|  82|0x0000000089c00000, 0x0000000089c00000, 0x0000000089d00000|  0%| F|  |TAMS 0x0000000089c00000| PB 0x0000000089c00000| Untracked 
|  83|0x0000000089d00000, 0x0000000089d00000, 0x0000000089e00000|  0%| F|  |TAMS 0x0000000089d00000| PB 0x0000000089d00000| Untracked 
|  84|0x0000000089e00000, 0x0000000089e00000, 0x0000000089f00000|  0%| F|  |TAMS 0x0000000089e00000| PB 0x0000000089e00000| Untracked 
|  85|0x0000000089f00000, 0x0000000089f00000, 0x000000008a000000|  0%| F|  |TAMS 0x0000000089f00000| PB 0x0000000089f00000| Untracked 
|  86|0x000000008a000000, 0x000000008a000000, 0x000000008a100000|  0%| F|  |TAMS 0x000000008a000000| PB 0x000000008a000000| Untracked 
|  87|0x000000008a100000, 0x000000008a100000, 0x000000008a200000|  0%| F|  |TAMS 0x000000008a100000| PB 0x000000008a100000| Untracked 
|  88|0x000000008a200000, 0x000000008a200000, 0x000000008a300000|  0%| F|  |TAMS 0x000000008a200000| PB 0x000000008a200000| Untracked 
|  89|0x000000008a300000, 0x000000008a300000, 0x000000008a400000|  0%| F|  |TAMS 0x000000008a300000| PB 0x000000008a300000| Untracked 
|  90|0x000000008a400000, 0x000000008a400000, 0x000000008a500000|  0%| F|  |TAMS 0x000000008a400000| PB 0x000000008a400000| Untracked 
|  91|0x000000008a500000, 0x000000008a500000, 0x000000008a600000|  0%| F|  |TAMS 0x000000008a500000| PB 0x000000008a500000| Untracked 
|  92|0x000000008a600000, 0x000000008a600000, 0x000000008a700000|  0%| F|  |TAMS 0x000000008a600000| PB 0x000000008a600000| Untracked 
|  93|0x000000008a700000, 0x000000008a700000, 0x000000008a800000|  0%| F|  |TAMS 0x000000008a700000| PB 0x000000008a700000| Untracked 
|  94|0x000000008a800000, 0x000000008a800000, 0x000000008a900000|  0%| F|  |TAMS 0x000000008a800000| PB 0x000000008a800000| Untracked 
|  95|0x000000008a900000, 0x000000008a900000, 0x000000008aa00000|  0%| F|  |TAMS 0x000000008a900000| PB 0x000000008a900000| Untracked 
|  96|0x000000008aa00000, 0x000000008aa00000, 0x000000008ab00000|  0%| F|  |TAMS 0x000000008aa00000| PB 0x000000008aa00000| Untracked 
|  97|0x000000008ab00000, 0x000000008ab00000, 0x000000008ac00000|  0%| F|  |TAMS 0x000000008ab00000| PB 0x000000008ab00000| Untracked 
|  98|0x000000008ac00000, 0x000000008ac00000, 0x000000008ad00000|  0%| F|  |TAMS 0x000000008ac00000| PB 0x000000008ac00000| Untracked 
|  99|0x000000008ad00000, 0x000000008ae00000, 0x000000008ae00000|100%| E|  |TAMS 0x000000008ad00000| PB 0x000000008ad00000| Complete 
| 100|0x000000008ae00000, 0x000000008af00000, 0x000000008af00000|100%| E|CS|TAMS 0x000000008ae00000| PB 0x000000008ae00000| Complete 
| 101|0x000000008af00000, 0x000000008b000000, 0x000000008b000000|100%| E|CS|TAMS 0x000000008af00000| PB 0x000000008af00000| Complete 
| 102|0x000000008b000000, 0x000000008b100000, 0x000000008b100000|100%| E|CS|TAMS 0x000000008b000000| PB 0x000000008b000000| Complete 
| 103|0x000000008b100000, 0x000000008b200000, 0x000000008b200000|100%| E|CS|TAMS 0x000000008b100000| PB 0x000000008b100000| Complete 
| 104|0x000000008b200000, 0x000000008b300000, 0x000000008b300000|100%| E|CS|TAMS 0x000000008b200000| PB 0x000000008b200000| Complete 
| 105|0x000000008b300000, 0x000000008b400000, 0x000000008b400000|100%| E|CS|TAMS 0x000000008b300000| PB 0x000000008b300000| Complete 
| 106|0x000000008b400000, 0x000000008b500000, 0x000000008b500000|100%| E|CS|TAMS 0x000000008b400000| PB 0x000000008b400000| Complete 
| 107|0x000000008b500000, 0x000000008b600000, 0x000000008b600000|100%| E|CS|TAMS 0x000000008b500000| PB 0x000000008b500000| Complete 
| 108|0x000000008b600000, 0x000000008b700000, 0x000000008b700000|100%| E|CS|TAMS 0x000000008b600000| PB 0x000000008b600000| Complete 
| 109|0x000000008b700000, 0x000000008b800000, 0x000000008b800000|100%| E|CS|TAMS 0x000000008b700000| PB 0x000000008b700000| Complete 
| 110|0x000000008b800000, 0x000000008b900000, 0x000000008b900000|100%| E|CS|TAMS 0x000000008b800000| PB 0x000000008b800000| Complete 
| 111|0x000000008b900000, 0x000000008ba00000, 0x000000008ba00000|100%| E|CS|TAMS 0x000000008b900000| PB 0x000000008b900000| Complete 
| 112|0x000000008ba00000, 0x000000008bb00000, 0x000000008bb00000|100%| E|CS|TAMS 0x000000008ba00000| PB 0x000000008ba00000| Complete 
| 113|0x000000008bb00000, 0x000000008bc00000, 0x000000008bc00000|100%| E|CS|TAMS 0x000000008bb00000| PB 0x000000008bb00000| Complete 
| 114|0x000000008bc00000, 0x000000008bd00000, 0x000000008bd00000|100%| E|CS|TAMS 0x000000008bc00000| PB 0x000000008bc00000| Complete 
| 115|0x000000008bd00000, 0x000000008be00000, 0x000000008be00000|100%| E|CS|TAMS 0x000000008bd00000| PB 0x000000008bd00000| Complete 
| 116|0x000000008be00000, 0x000000008bf00000, 0x000000008bf00000|100%| E|CS|TAMS 0x000000008be00000| PB 0x000000008be00000| Complete 
| 117|0x000000008bf00000, 0x000000008c000000, 0x000000008c000000|100%| E|CS|TAMS 0x000000008bf00000| PB 0x000000008bf00000| Complete 
| 118|0x000000008c000000, 0x000000008c100000, 0x000000008c100000|100%| E|CS|TAMS 0x000000008c000000| PB 0x000000008c000000| Complete 
| 119|0x000000008c100000, 0x000000008c200000, 0x000000008c200000|100%| E|CS|TAMS 0x000000008c100000| PB 0x000000008c100000| Complete 
| 120|0x000000008c200000, 0x000000008c300000, 0x000000008c300000|100%| E|CS|TAMS 0x000000008c200000| PB 0x000000008c200000| Complete 
| 121|0x000000008c300000, 0x000000008c400000, 0x000000008c400000|100%| E|CS|TAMS 0x000000008c300000| PB 0x000000008c300000| Complete 
| 122|0x000000008c400000, 0x000000008c500000, 0x000000008c500000|100%| E|CS|TAMS 0x000000008c400000| PB 0x000000008c400000| Complete 
| 123|0x000000008c500000, 0x000000008c600000, 0x000000008c600000|100%| E|CS|TAMS 0x000000008c500000| PB 0x000000008c500000| Complete 

Card table byte_map: [0x000001def36b0000,0x000001def3a90000] _byte_map_base: 0x000001def328b000

Marking Bits: (CMBitMap*) 0x000001deea9a7980
 Bits: [0x000001def3a90000, 0x000001def5968000)

Polling page: 0x000001dee88f0000

Metaspace:

Usage:
  Non-class:     11.41 MB used.
      Class:      1.40 MB used.
       Both:     12.81 MB used.

Virtual space:
  Non-class space:       64.00 MB reserved,      11.56 MB ( 18%) committed,  1 nodes.
      Class space:        1.00 GB reserved,       1.50 MB ( <1%) committed,  1 nodes.
             Both:        1.06 GB reserved,      13.06 MB (  1%) committed. 

Chunk freelists:
   Non-Class:  4.49 MB
       Class:  14.53 MB
        Both:  19.02 MB

MaxMetaspaceSize: unlimited
CompressedClassSpaceSize: 1.00 GB
Initial GC threshold: 21.00 MB
Current GC threshold: 21.00 MB
CDS: on
 - commit_granule_bytes: 65536.
 - commit_granule_words: 8192.
 - virtual_space_node_default_size: 8388608.
 - enlarge_chunks_in_place: 1.
 - use_allocation_guard: 0.


Internal statistics:

num_allocs_failed_limit: 0.
num_arena_births: 166.
num_arena_deaths: 0.
num_vsnodes_births: 2.
num_vsnodes_deaths: 0.
num_space_committed: 209.
num_space_uncommitted: 0.
num_chunks_returned_to_freelist: 0.
num_chunks_taken_from_freelist: 228.
num_chunk_merges: 0.
num_chunk_splits: 131.
num_chunks_enlarged: 59.
num_inconsistent_stats: 0.

CodeHeap 'non-profiled nmethods': size=120000Kb used=3186Kb max_used=3186Kb free=116813Kb
 bounds [0x000001de87ad0000, 0x000001de87df0000, 0x000001de8f000000]
CodeHeap 'profiled nmethods': size=120000Kb used=5425Kb max_used=5425Kb free=114574Kb
 bounds [0x000001de80000000, 0x000001de80550000, 0x000001de87530000]
CodeHeap 'non-nmethods': size=5760Kb used=1867Kb max_used=1909Kb free=3892Kb
 bounds [0x000001de87530000, 0x000001de877a0000, 0x000001de87ad0000]
 total_blobs=3675 nmethods=2967 adapters=611
 compilation: enabled
              stopped_count=0, restarted_count=0
 full_count=0

Compilation events (20 events):
Event: 396.762 Thread 0x000001def8730bd0 2957       3       java.util.Locale::hashCode (41 bytes)
Event: 396.763 Thread 0x000001def8730bd0 nmethod 2957 0x000001de80542310 code [0x000001de805424e0, 0x000001de805426f8]
Event: 396.763 Thread 0x000001def8730bd0 2952       1       javax.swing.JComboBox::isEditable (5 bytes)
Event: 396.763 Thread 0x000001def8730bd0 nmethod 2952 0x000001de87de7290 code [0x000001de87de7420, 0x000001de87de74f0]
Event: 396.763 Thread 0x000001def8730bd0 2958       1       java.awt.image.Raster::getDataBuffer (5 bytes)
Event: 396.763 Thread 0x000001def8730bd0 nmethod 2958 0x000001de87de7590 code [0x000001de87de7720, 0x000001de87de77e8]
Event: 396.763 Thread 0x000001def8730bd0 2954       1       javax.swing.text.AbstractDocument$BranchElement::getElementCount (5 bytes)
Event: 396.763 Thread 0x000001def8730bd0 nmethod 2954 0x000001de87de7890 code [0x000001de87de7a20, 0x000001de87de7ae8]
Event: 396.763 Thread 0x000001def8730bd0 2961       1       java.awt.AlphaComposite::getRule (5 bytes)
Event: 396.763 Thread 0x000001def8730bd0 nmethod 2961 0x000001de87de7b90 code [0x000001de87de7d20, 0x000001de87de7de8]
Event: 396.763 Thread 0x000001def8730bd0 2962       1       java.awt.image.SinglePixelPackedSampleModel::getNumDataElements (2 bytes)
Event: 396.763 Thread 0x000001def8730bd0 nmethod 2962 0x000001de87de7e90 code [0x000001de87de8020, 0x000001de87de80e8]
Event: 396.764 Thread 0x000001def8730bd0 2963       1       java.awt.image.ColorModel::isAlphaPremultiplied (5 bytes)
Event: 396.764 Thread 0x000001def8730bd0 nmethod 2963 0x000001de87de8190 code [0x000001de87de8320, 0x000001de87de83f0]
Event: 396.764 Thread 0x000001def8730bd0 2964       3       sun.java2d.SunGraphics2D::drawImage (23 bytes)
Event: 396.764 Thread 0x000001def8730bd0 nmethod 2964 0x000001de80542810 code [0x000001de805429c0, 0x000001de80542b50]
Event: 396.764 Thread 0x000001def8730bd0 2965   !   3       sun.java2d.SunGraphics2D::drawImage (310 bytes)
Event: 396.765 Thread 0x000001def8730bd0 nmethod 2965 0x000001de80542c10 code [0x000001de80542ea0, 0x000001de80543cc0]
Event: 396.765 Thread 0x000001def8730bd0 2967   !   3       javax.swing.JComponent::paint (409 bytes)
Event: 396.767 Thread 0x000001def8730bd0 nmethod 2967 0x000001de80544290 code [0x000001de80544740, 0x000001de805474a0]

GC Heap History (6 events):
Event: 1.610 GC heap before
{Heap before GC invocations=0 (full 0):
 garbage-first heap   total 126976K, used 29696K [0x0000000084a00000, 0x0000000100000000)
  region size 1024K, 23 young (23552K), 0 survivors (0K)
 Metaspace       used 12839K, committed 13056K, reserved 1114112K
  class space    used 1431K, committed 1536K, reserved 1048576K
}
Event: 1.616 GC heap after
{Heap after GC invocations=1 (full 0):
 garbage-first heap   total 126976K, used 10719K [0x0000000084a00000, 0x0000000100000000)
  region size 1024K, 3 young (3072K), 3 survivors (3072K)
 Metaspace       used 12839K, committed 13056K, reserved 1114112K
  class space    used 1431K, committed 1536K, reserved 1048576K
}
Event: 2.748 GC heap before
{Heap before GC invocations=1 (full 0):
 garbage-first heap   total 126976K, used 40415K [0x0000000084a00000, 0x0000000100000000)
  region size 1024K, 32 young (32768K), 3 survivors (3072K)
 Metaspace       used 12878K, committed 13120K, reserved 1114112K
  class space    used 1431K, committed 1536K, reserved 1048576K
}
Event: 2.751 GC heap after
{Heap after GC invocations=2 (full 0):
 garbage-first heap   total 126976K, used 11201K [0x0000000084a00000, 0x0000000100000000)
  region size 1024K, 1 young (1024K), 1 survivors (1024K)
 Metaspace       used 12878K, committed 13120K, reserved 1114112K
  class space    used 1431K, committed 1536K, reserved 1048576K
}
Event: 5.569 GC heap before
{Heap before GC invocations=2 (full 0):
 garbage-first heap   total 126976K, used 85953K [0x0000000084a00000, 0x0000000100000000)
  region size 1024K, 74 young (75776K), 1 survivors (1024K)
 Metaspace       used 13071K, committed 13312K, reserved 1114112K
  class space    used 1435K, committed 1536K, reserved 1048576K
}
Event: 5.570 GC heap after
{Heap after GC invocations=3 (full 0):
 garbage-first heap   total 126976K, used 10946K [0x0000000084a00000, 0x0000000100000000)
  region size 1024K, 1 young (1024K), 1 survivors (1024K)
 Metaspace       used 13071K, committed 13312K, reserved 1114112K
  class space    used 1435K, committed 1536K, reserved 1048576K
}

Dll operation events (10 events):
Event: 0.007 Loaded shared library C:\Program Files\Java\jdk-21\bin\java.dll
Event: 0.037 Loaded shared library C:\Program Files\Java\jdk-21\bin\jsvml.dll
Event: 0.063 Loaded shared library C:\Program Files\Java\jdk-21\bin\net.dll
Event: 0.064 Loaded shared library C:\Program Files\Java\jdk-21\bin\nio.dll
Event: 0.080 Loaded shared library C:\Program Files\Java\jdk-21\bin\zip.dll
Event: 0.099 Loaded shared library C:\Program Files\Java\jdk-21\bin\jimage.dll
Event: 0.112 Loaded shared library C:\Program Files\Java\jdk-21\bin\awt.dll
Event: 0.236 Loaded shared library C:\Program Files\Java\jdk-21\bin\freetype.dll
Event: 0.236 Loaded shared library C:\Program Files\Java\jdk-21\bin\fontmanager.dll
Event: 0.399 Loaded shared library C:\Program Files\Java\jdk-21\bin\javajpeg.dll

Deoptimization events (20 events):
Event: 396.764 Thread 0x000001defda2d800 Uncommon trap: trap_request=0xffffff45 fr.pc=0x000001de87d23ec8 relative=0x00000000000008c8
Event: 396.764 Thread 0x000001defda2d800 Uncommon trap: reason=unstable_if action=reinterpret pc=0x000001de87d23ec8 method=javax.swing.SwingUtilities.layoutCompoundLabelImpl(Ljavax/swing/JComponent;Ljava/awt/FontMetrics;Ljava/lang/String;Ljavax/swing/Icon;IIIILjava/awt/Rectangle;Ljava/awt/Rectan
Event: 396.764 Thread 0x000001defda2d800 DEOPT PACKING pc=0x000001de87d23ec8 sp=0x00000023128fd8f0
Event: 396.765 Thread 0x000001defda2d800 DEOPT UNPACKING pc=0x000001de87587da2 sp=0x00000023128fd828 mode 2
Event: 396.765 Thread 0x000001defda2d800 Uncommon trap: trap_request=0xffffffde fr.pc=0x000001de87d42118 relative=0x00000000000000d8
Event: 396.765 Thread 0x000001defda2d800 Uncommon trap: reason=class_check action=maybe_recompile pc=0x000001de87d42118 method=sun.java2d.SunGraphics2D.drawImage(Ljava/awt/Image;IILjava/awt/Color;Ljava/awt/image/ImageObserver;)Z @ 8 c2
Event: 396.765 Thread 0x000001defda2d800 DEOPT PACKING pc=0x000001de87d42118 sp=0x00000023128fd8c0
Event: 396.765 Thread 0x000001defda2d800 DEOPT UNPACKING pc=0x000001de87587da2 sp=0x00000023128fd7e8 mode 2
Event: 396.765 Thread 0x000001defda2d800 Uncommon trap: trap_request=0xffffffde fr.pc=0x000001de87d2855c relative=0x000000000000167c
Event: 396.765 Thread 0x000001defda2d800 Uncommon trap: reason=class_check action=maybe_recompile pc=0x000001de87d2855c method=sun.java2d.SunGraphics2D.drawHiDPIImage(Ljava/awt/Image;IIIIIIIILjava/awt/Color;Ljava/awt/image/ImageObserver;Ljava/awt/geom/AffineTransform;)Ljava/lang/Boolean; @ 1 c2
Event: 396.765 Thread 0x000001defda2d800 DEOPT PACKING pc=0x000001de87d2855c sp=0x00000023128fd6c0
Event: 396.765 Thread 0x000001defda2d800 DEOPT UNPACKING pc=0x000001de87587da2 sp=0x00000023128fd690 mode 2
Event: 396.765 Thread 0x000001defda2d800 Uncommon trap: trap_request=0xffffffde fr.pc=0x000001de87d2855c relative=0x000000000000167c
Event: 396.765 Thread 0x000001defda2d800 Uncommon trap: reason=class_check action=maybe_recompile pc=0x000001de87d2855c method=sun.java2d.SunGraphics2D.drawHiDPIImage(Ljava/awt/Image;IIIIIIIILjava/awt/Color;Ljava/awt/image/ImageObserver;Ljava/awt/geom/AffineTransform;)Ljava/lang/Boolean; @ 1 c2
Event: 396.765 Thread 0x000001defda2d800 DEOPT PACKING pc=0x000001de87d2855c sp=0x00000023128fd480
Event: 396.765 Thread 0x000001defda2d800 DEOPT UNPACKING pc=0x000001de87587da2 sp=0x00000023128fd3e8 mode 2
Event: 396.765 Thread 0x000001defda2d800 Uncommon trap: trap_request=0xffffffde fr.pc=0x000001de87d3b268 relative=0x0000000000000d88
Event: 396.765 Thread 0x000001defda2d800 Uncommon trap: reason=class_check action=maybe_recompile pc=0x000001de87d3b268 method=sun.java2d.SurfaceData.getSourceSurfaceData(Ljava/awt/Image;ILsun/java2d/loops/CompositeType;Ljava/awt/Color;)Lsun/java2d/SurfaceData; @ 8 c2
Event: 396.765 Thread 0x000001defda2d800 DEOPT PACKING pc=0x000001de87d3b268 sp=0x00000023128fd220
Event: 396.765 Thread 0x000001defda2d800 DEOPT UNPACKING pc=0x000001de87587da2 sp=0x00000023128fd028 mode 2

Classes loaded (20 events):
Event: 1.115 Loading class javax/swing/TimerQueue$DelayedTimer
Event: 1.115 Loading class java/util/concurrent/Delayed
Event: 1.115 Loading class java/util/concurrent/Delayed done
Event: 1.115 Loading class javax/swing/TimerQueue$DelayedTimer done
Event: 3.063 Loading class java/security/DomainCombiner
Event: 3.063 Loading class java/security/DomainCombiner done
Event: 4.045 Loading class javax/swing/RepaintManager$3
Event: 4.045 Loading class javax/swing/RepaintManager$3 done
Event: 4.074 Loading class java/awt/geom/Path2D$Float$TxIterator
Event: 4.074 Loading class java/awt/geom/Path2D$Iterator
Event: 4.074 Loading class java/awt/geom/Path2D$Iterator done
Event: 4.074 Loading class java/awt/geom/Path2D$Float$TxIterator done
Event: 4.078 Loading class java/awt/geom/Path2D$Float$CopyIterator
Event: 4.078 Loading class java/awt/geom/Path2D$Float$CopyIterator done
Event: 4.078 Loading class sun/awt/geom/Curve
Event: 4.078 Loading class sun/awt/geom/Curve done
Event: 5.463 Loading class javax/swing/Timer$1
Event: 5.463 Loading class javax/swing/Timer$1 done
Event: 396.702 Loading class java/awt/LightweightDispatcher$2
Event: 396.703 Loading class java/awt/LightweightDispatcher$2 done

Classes unloaded (0 events):
No events

Classes redefined (0 events):
No events

Internal exceptions (20 events):
Event: 3.895 Thread 0x000001defda2d800 Implicit null exception at 0x000001de803d31c2 to 0x000001de803d3391
Event: 3.895 Thread 0x000001defda2d800 Exception <a 'java/lang/NullPointerException'{0x0000000089f3ae70}> (0x0000000089f3ae70) 
thrown [s\open\src\hotspot\share\runtime\sharedRuntime.cpp, line 625]
Event: 3.896 Thread 0x000001defda2d800 Implicit null exception at 0x000001de803d31c2 to 0x000001de803d3391
Event: 3.896 Thread 0x000001defda2d800 Exception <a 'java/lang/NullPointerException'{0x0000000089f3ddc0}> (0x0000000089f3ddc0) 
thrown [s\open\src\hotspot\share\runtime\sharedRuntime.cpp, line 625]
Event: 3.896 Thread 0x000001defda2d800 Implicit null exception at 0x000001de803d31c2 to 0x000001de803d3391
Event: 3.896 Thread 0x000001defda2d800 Exception <a 'java/lang/NullPointerException'{0x0000000089f40d10}> (0x0000000089f40d10) 
thrown [s\open\src\hotspot\share\runtime\sharedRuntime.cpp, line 625]
Event: 3.896 Thread 0x000001defda2d800 Implicit null exception at 0x000001de803d31c2 to 0x000001de803d3391
Event: 3.896 Thread 0x000001defda2d800 Exception <a 'java/lang/NullPointerException'{0x0000000089f43c60}> (0x0000000089f43c60) 
thrown [s\open\src\hotspot\share\runtime\sharedRuntime.cpp, line 625]
Event: 3.896 Thread 0x000001defda2d800 Implicit null exception at 0x000001de803d31c2 to 0x000001de803d3391
Event: 3.896 Thread 0x000001defda2d800 Exception <a 'java/lang/NullPointerException'{0x0000000089f46bb0}> (0x0000000089f46bb0) 
thrown [s\open\src\hotspot\share\runtime\sharedRuntime.cpp, line 625]
Event: 3.896 Thread 0x000001defda2d800 Implicit null exception at 0x000001de803d31c2 to 0x000001de803d3391
Event: 3.896 Thread 0x000001defda2d800 Exception <a 'java/lang/NullPointerException'{0x0000000089f49b00}> (0x0000000089f49b00) 
thrown [s\open\src\hotspot\share\runtime\sharedRuntime.cpp, line 625]
Event: 3.897 Thread 0x000001defda2d800 Implicit null exception at 0x000001de803d31c2 to 0x000001de803d3391
Event: 3.897 Thread 0x000001defda2d800 Exception <a 'java/lang/NullPointerException'{0x0000000089f4ca50}> (0x0000000089f4ca50) 
thrown [s\open\src\hotspot\share\runtime\sharedRuntime.cpp, line 625]
Event: 3.897 Thread 0x000001defda2d800 Implicit null exception at 0x000001de803d31c2 to 0x000001de803d3391
Event: 3.897 Thread 0x000001defda2d800 Exception <a 'java/lang/NullPointerException'{0x0000000089f4f9a0}> (0x0000000089f4f9a0) 
thrown [s\open\src\hotspot\share\runtime\sharedRuntime.cpp, line 625]
Event: 4.049 Thread 0x000001defda2d800 Implicit null exception at 0x000001de87c6d38e to 0x000001de87c6dbdc
Event: 4.050 Thread 0x000001defda2d800 Implicit null exception at 0x000001de87bbb43a to 0x000001de87bbdf04
Event: 4.058 Thread 0x000001defda2d800 Implicit null exception at 0x000001de87bd41fa to 0x000001de87bd4474
Event: 4.058 Thread 0x000001defda2d800 Implicit null exception at 0x000001de87bc0b5a to 0x000001de87bc0bd0

ZGC Phase Switch (0 events):
No events

VM Operations (20 events):
Event: 2.623 Executing VM operation: Cleanup
Event: 2.623 Executing VM operation: Cleanup done
Event: 2.748 Executing VM operation: G1CollectForAllocation (G1 Evacuation Pause)
Event: 2.751 Executing VM operation: G1CollectForAllocation (G1 Evacuation Pause) done
Event: 3.755 Executing VM operation: Cleanup
Event: 3.755 Executing VM operation: Cleanup done
Event: 4.247 Executing VM operation: ICBufferFull
Event: 4.247 Executing VM operation: ICBufferFull done
Event: 5.260 Executing VM operation: Cleanup
Event: 5.260 Executing VM operation: Cleanup done
Event: 5.568 Executing VM operation: G1CollectForAllocation (G1 Evacuation Pause)
Event: 5.570 Executing VM operation: G1CollectForAllocation (G1 Evacuation Pause) done
Event: 6.581 Executing VM operation: Cleanup
Event: 6.581 Executing VM operation: Cleanup done
Event: 7.592 Executing VM operation: Cleanup
Event: 7.592 Executing VM operation: Cleanup done
Event: 60.090 Executing VM operation: HandshakeAllThreads (HandshakeForDeflation)
Event: 60.090 Executing VM operation: HandshakeAllThreads (HandshakeForDeflation) done
Event: 60.091 Executing VM operation: RendezvousGCThreads
Event: 60.091 Executing VM operation: RendezvousGCThreads done

Events (20 events):
Event: 0.774 Thread 0x000001defdeaa450 Thread exited: 0x000001defdeaa450
Event: 1.132 Thread 0x000001defe06b5d0 Thread added: 0x000001defe06b5d0
Event: 1.155 Thread 0x000001defdfcdfe0 Thread added: 0x000001defdfcdfe0
Event: 1.796 Thread 0x000001defdfcdfe0 Thread exited: 0x000001defdfcdfe0
Event: 1.796 Thread 0x000001defe06b5d0 Thread exited: 0x000001defe06b5d0
Event: 1.888 Thread 0x000001defdddbea0 Thread added: 0x000001defdddbea0
Event: 2.485 Thread 0x000001defdddbea0 Thread exited: 0x000001defdddbea0
Event: 2.956 Thread 0x000001defe10fa00 Thread added: 0x000001defe10fa00
Event: 3.121 Thread 0x000001deff556a40 Thread added: 0x000001deff556a40
Event: 3.427 Thread 0x000001deff556a40 Thread exited: 0x000001deff556a40
Event: 4.045 Thread 0x000001defe10fa00 Thread exited: 0x000001defe10fa00
Event: 4.101 Thread 0x000001ded0dbf050 Thread added: 0x000001ded0dbf050
Event: 4.101 Thread 0x000001deff940860 Thread added: 0x000001deff940860
Event: 5.042 Thread 0x000001deff940860 Thread exited: 0x000001deff940860
Event: 5.416 Thread 0x000001defdddb020 Thread exited: 0x000001defdddb020
Event: 5.418 Thread 0x000001ded0dbf050 Thread exited: 0x000001ded0dbf050
Event: 5.623 Thread 0x000001defef50010 Thread added: 0x000001defef50010
Event: 5.623 Thread 0x000001defef506c0 Thread added: 0x000001defef506c0
Event: 5.817 Thread 0x000001defef506c0 Thread exited: 0x000001defef506c0
Event: 6.276 Thread 0x000001defef50010 Thread exited: 0x000001defef50010


Dynamic libraries:
0x00007ff6d88c0000 - 0x00007ff6d88d0000 	C:\Program Files\Java\jdk-21\bin\java.exe
0x00007ff83b870000 - 0x00007ff83ba87000 	C:\WINDOWS\SYSTEM32\ntdll.dll
0x00007ff83a1c0000 - 0x00007ff83a284000 	C:\WINDOWS\System32\KERNEL32.DLL
0x00007ff8390f0000 - 0x00007ff839496000 	C:\WINDOWS\System32\KERNELBASE.dll
0x0000000070fb0000 - 0x00000000712e0000 	C:\Program Files\Norton Security\NortonData\22.20.5.40\Definitions\IPSDefs\20230113.061\IPSEng64.dll
0x00007ff83a100000 - 0x00007ff83a1b3000 	C:\WINDOWS\System32\ADVAPI32.dll
0x00007ff839d10000 - 0x00007ff839db7000 	C:\WINDOWS\System32\msvcrt.dll
0x00007ff839e10000 - 0x00007ff839eb8000 	C:\WINDOWS\System32\sechost.dll
0x00007ff838ca0000 - 0x00007ff838cc8000 	C:\WINDOWS\System32\bcrypt.dll
0x00007ff839bf0000 - 0x00007ff839d07000 	C:\WINDOWS\System32\RPCRT4.dll
0x00007ff83b270000 - 0x00007ff83b278000 	C:\WINDOWS\System32\PSAPI.DLL
0x00007ff838cd0000 - 0x00007ff838de1000 	C:\WINDOWS\System32\ucrtbase.dll
0x00007ff8354b0000 - 0x00007ff8354c9000 	C:\Program Files\Java\jdk-21\bin\jli.dll
0x00007ff82ff10000 - 0x00007ff82ff2b000 	C:\Program Files\Java\jdk-21\bin\VCRUNTIME140.dll
0x00007ff83a290000 - 0x00007ff83a43e000 	C:\WINDOWS\System32\USER32.dll
0x00007ff838bb0000 - 0x00007ff838bd6000 	C:\WINDOWS\System32\win32u.dll
0x00007ff83b390000 - 0x00007ff83b3b9000 	C:\WINDOWS\System32\GDI32.dll
0x00007ff820fb0000 - 0x00007ff821243000 	C:\WINDOWS\WinSxS\amd64_microsoft.windows.common-controls_6595b64144ccf1df_6.0.22621.2506_none_270c5ae97388e100\COMCTL32.dll
0x00007ff838df0000 - 0x00007ff838f08000 	C:\WINDOWS\System32\gdi32full.dll
0x00007ff8394a0000 - 0x00007ff83953a000 	C:\WINDOWS\System32\msvcp_win.dll
0x00007ff832bb0000 - 0x00007ff832bba000 	C:\WINDOWS\SYSTEM32\VERSION.dll
0x00007ff83a0c0000 - 0x00007ff83a0f1000 	C:\WINDOWS\System32\IMM32.DLL
0x00007ff832780000 - 0x00007ff83278c000 	C:\Program Files\Java\jdk-21\bin\vcruntime140_1.dll
0x00007fffede90000 - 0x00007fffedf1e000 	C:\Program Files\Java\jdk-21\bin\msvcp140.dll
0x00007fffe4ab0000 - 0x00007fffe57c5000 	C:\Program Files\Java\jdk-21\bin\server\jvm.dll
0x00007ff83b7b0000 - 0x00007ff83b821000 	C:\WINDOWS\System32\WS2_32.dll
0x00007ff838a80000 - 0x00007ff838acd000 	C:\WINDOWS\SYSTEM32\POWRPROF.dll
0x00007ff831ca0000 - 0x00007ff831cd4000 	C:\WINDOWS\SYSTEM32\WINMM.dll
0x00007ff838a60000 - 0x00007ff838a73000 	C:\WINDOWS\SYSTEM32\UMPDC.dll
0x00007ff837ba0000 - 0x00007ff837bb8000 	C:\WINDOWS\SYSTEM32\kernel.appcore.dll
0x00007ff82fea0000 - 0x00007ff82feaa000 	C:\Program Files\Java\jdk-21\bin\jimage.dll
0x00007ff8364f0000 - 0x00007ff836723000 	C:\WINDOWS\SYSTEM32\DBGHELP.DLL
0x00007ff83b3c0000 - 0x00007ff83b749000 	C:\WINDOWS\System32\combase.dll
0x00007ff839fd0000 - 0x00007ff83a0a7000 	C:\WINDOWS\System32\OLEAUT32.dll
0x00007ff830600000 - 0x00007ff830632000 	C:\WINDOWS\SYSTEM32\dbgcore.DLL
0x00007ff839540000 - 0x00007ff8395ba000 	C:\WINDOWS\System32\bcryptPrimitives.dll
0x00007ff82feb0000 - 0x00007ff82fecf000 	C:\Program Files\Java\jdk-21\bin\java.dll
0x00007ff83a830000 - 0x00007ff83b08a000 	C:\WINDOWS\System32\SHELL32.dll
0x00007ff836ab0000 - 0x00007ff8373a6000 	C:\WINDOWS\SYSTEM32\windows.storage.dll
0x00007ff836970000 - 0x00007ff836aae000 	C:\WINDOWS\SYSTEM32\wintypes.dll
0x00007ff839ec0000 - 0x00007ff839fb3000 	C:\WINDOWS\System32\SHCORE.dll
0x00007ff83b750000 - 0x00007ff83b7ae000 	C:\WINDOWS\System32\shlwapi.dll
0x00007ff838ae0000 - 0x00007ff838b06000 	C:\WINDOWS\SYSTEM32\profapi.dll
0x00007fffedf20000 - 0x00007fffedff7000 	C:\Program Files\Java\jdk-21\bin\jsvml.dll
0x00007ff82fe90000 - 0x00007ff82fea0000 	C:\Program Files\Java\jdk-21\bin\net.dll
0x00007ff832210000 - 0x00007ff832347000 	C:\WINDOWS\SYSTEM32\WINHTTP.dll
0x00007ff838020000 - 0x00007ff838089000 	C:\WINDOWS\system32\mswsock.dll
0x00007ff827570000 - 0x00007ff827586000 	C:\Program Files\Java\jdk-21\bin\nio.dll
0x00007ff826ad0000 - 0x00007ff826ae8000 	C:\Program Files\Java\jdk-21\bin\zip.dll
0x00007fffed590000 - 0x00007fffed71f000 	C:\Program Files\Java\jdk-21\bin\awt.dll
0x00007ff835a50000 - 0x00007ff835ae7000 	C:\WINDOWS\SYSTEM32\apphelp.dll
0x00007ff835b10000 - 0x00007ff835bbb000 	C:\WINDOWS\system32\uxtheme.dll
0x00007ff8166f0000 - 0x00007ff816829000 	C:\ProgramData\A-Volute\A-Volute.Nahimic\Modules\Scheduled\x64\AudioDevProps2.dll
0x00007ff83a440000 - 0x00007ff83a5e0000 	C:\WINDOWS\System32\ole32.dll
0x00007ff83a5e0000 - 0x00007ff83a730000 	C:\WINDOWS\System32\MSCTF.dll
0x00007ff835f20000 - 0x00007ff835f4b000 	C:\WINDOWS\system32\DWMAPI.DLL
0x00007fffeceb0000 - 0x00007fffecf37000 	C:\Program Files\Java\jdk-21\bin\freetype.dll
0x00007fffecdd0000 - 0x00007fffecea3000 	C:\Program Files\Java\jdk-21\bin\fontmanager.dll
0x00007ff80ac40000 - 0x00007ff80ad40000 	C:\WINDOWS\system32\opengl32.dll
0x00007ff80d910000 - 0x00007ff80d93d000 	C:\WINDOWS\SYSTEM32\GLU32.dll
0x00007ff835ce0000 - 0x00007ff835d16000 	C:\WINDOWS\SYSTEM32\dxcore.dll
0x00007ff80dc50000 - 0x00007ff80dc7e000 	C:\Program Files\Java\jdk-21\bin\javajpeg.dll
0x00007ff8396c0000 - 0x00007ff839770000 	C:\WINDOWS\System32\clbcatq.dll
0x00007ff834090000 - 0x00007ff834240000 	C:\WINDOWS\SYSTEM32\WindowsCodecs.dll
0x00007ff80a0a0000 - 0x00007ff80a0fe000 	C:\WINDOWS\system32\dataexchange.dll
0x00007ff81a3a0000 - 0x00007ff81a625000 	C:\WINDOWS\system32\twinapi.appcore.dll
0x00007ff819700000 - 0x00007ff81984a000 	C:\WINDOWS\SYSTEM32\textinputframework.dll
0x00007ff835360000 - 0x00007ff835494000 	C:\WINDOWS\SYSTEM32\CoreMessaging.dll
0x00007ff8184c0000 - 0x00007ff81882c000 	C:\WINDOWS\SYSTEM32\CoreUIComponents.dll
0x00007ff8382b0000 - 0x00007ff8382bc000 	C:\WINDOWS\SYSTEM32\CRYPTBASE.DLL

dbghelp: loaded successfully - version: 4.0.5 - missing functions: none
symbol engine: initialized successfully - sym options: 0x614 - pdb path: .;C:\Program Files\Java\jdk-21\bin;C:\WINDOWS\SYSTEM32;C:\Program Files\Norton Security\NortonData\22.20.5.40\Definitions\IPSDefs\20230113.061;C:\WINDOWS\WinSxS\amd64_microsoft.windows.common-controls_6595b64144ccf1df_6.0.22621.2506_none_270c5ae97388e100;C:\Program Files\Java\jdk-21\bin\server;C:\ProgramData\A-Volute\A-Volute.Nahimic\Modules\Scheduled\x64

VM Arguments:
jvm_args: -Dfile.encoding=UTF-8 --module-path=D:\Java Code cua Manh\QLDonHang\build\classes 
java_command: qldonhang.HeThongMain
java_class_path (initial): C:\Program Files\NetBeans-20\netbeans\java\modules\ext\AbsoluteLayout.jar;E:\hieudepzai\SignUp_KGradienPaneltExample-master\build\classes;C:\Users\Quoc Manh\Desktop\KControls-2.0.jar;D:\Java Code cua Manh\QLDonHang\build\classes
Launcher Type: SUN_STANDARD

[Global flags]
     intx CICompilerCount                          = 4                                         {product} {ergonomic}
     uint ConcGCThreads                            = 3                                         {product} {ergonomic}
     uint G1ConcRefinementThreads                  = 10                                        {product} {ergonomic}
   size_t G1HeapRegionSize                         = 1048576                                   {product} {ergonomic}
    uintx GCDrainStackTargetSize                   = 64                                        {product} {ergonomic}
   size_t InitialHeapSize                          = 130023424                                 {product} {ergonomic}
   size_t MarkStackSize                            = 4194304                                   {product} {ergonomic}
   size_t MaxHeapSize                              = 2069889024                                {product} {ergonomic}
   size_t MaxNewSize                               = 1241513984                                {product} {ergonomic}
   size_t MinHeapDeltaBytes                        = 1048576                                   {product} {ergonomic}
   size_t MinHeapSize                              = 8388608                                   {product} {ergonomic}
    uintx NonNMethodCodeHeapSize                   = 5839372                                {pd product} {ergonomic}
    uintx NonProfiledCodeHeapSize                  = 122909434                              {pd product} {ergonomic}
    uintx ProfiledCodeHeapSize                     = 122909434                              {pd product} {ergonomic}
    uintx ReservedCodeCacheSize                    = 251658240                              {pd product} {ergonomic}
     bool SegmentedCodeCache                       = true                                      {product} {ergonomic}
   size_t SoftMaxHeapSize                          = 2069889024                             {manageable} {ergonomic}
     bool UseCompressedOops                        = true                           {product lp64_product} {ergonomic}
     bool UseG1GC                                  = true                                      {product} {ergonomic}
     bool UseLargePagesIndividualAllocation        = false                                  {pd product} {ergonomic}

Logging:
Log output configuration:
 #0: stdout all=warning uptime,level,tags foldmultilines=false
 #1: stderr all=off uptime,level,tags foldmultilines=false

Environment Variables:
PATH=C:\Program Files\Common Files\Oracle\Java\javapath;C:\Windows\system32;C:\Windows;C:\Windows\System32\Wbem;C:\Windows\System32\WindowsPowerShell\v1.0\;C:\Windows\System32\OpenSSH\;C:\Program Files (x86)\NVIDIA Corporation\PhysX\Common;C:\Program Files\NVIDIA Corporation\NVIDIA NvDLISR;C:\WINDOWS\system32;C:\WINDOWS;C:\WINDOWS\System32\Wbem;C:\WINDOWS\System32\WindowsPowerShell\v1.0\;C:\WINDOWS\System32\OpenSSH\;C:\Users\Quoc Manh\AppData\Local\Microsoft\WindowsApps;
USERNAME=Quoc Manh
OS=Windows_NT
PROCESSOR_IDENTIFIER=Intel64 Family 6 Model 141 Stepping 1, GenuineIntel
TMP=C:\Users\QUOCMA~1\AppData\Local\Temp
TEMP=C:\Users\QUOCMA~1\AppData\Local\Temp




Periodic native trim disabled

---------------  S Y S T E M  ---------------

OS:
 Windows 11 , 64 bit Build 22621 (10.0.22621.2506)
OS uptime: 2 days 8:28 hours
Hyper-V role detected

CPU: total 12 (initial active 12) (6 cores per cpu, 2 threads per core) family 6 model 141 stepping 1 microcode 0x26, cx8, cmov, fxsr, ht, mmx, 3dnowpref, sse, sse2, sse3, ssse3, sse4.1, sse4.2, popcnt, lzcnt, tsc, tscinvbit, avx, avx2, aes, erms, clmul, bmi1, bmi2, adx, avx512f, avx512dq, avx512cd, avx512bw, avx512vl, sha, fma, vzeroupper, avx512_vpopcntdq, avx512_vpclmulqdq, avx512_vaes, avx512_vnni, clflush, clflushopt, clwb, avx512_vbmi2, avx512_vbmi, hv, rdtscp, rdpid, fsrm, gfni, avx512_bitalg, f16c, cet_ibt, cet_ss, avx512_ifma
Processor Information for all 12 processors :
  Max Mhz: 2688, Current Mhz: 2688, Mhz Limit: 2688

Memory: 4k page, system-wide physical 7893M (476M free)
TotalPageFile size 11989M (AvailPageFile size 14M)
current process WorkingSet (physical memory assigned to process): 169M, peak: 196M
current process commit charge ("private bytes"): 247M, peak: 279M

vm_info: Java HotSpot(TM) 64-Bit Server VM (21.0.1+12-LTS-29) for windows-amd64 JRE (21.0.1+12-LTS-29), built on 2023-10-05T13:27:09Z by "mach5one" with MS VC++ 17.1 (VS2022)

END.
